  stdafx.cpp
c:\users\phenix\desktop\gk\materials.h(17): warning C4838: conversion from 'double' to 'const GLfloat' requires a narrowing conversion
c:\users\phenix\desktop\gk\materials.h(17): warning C4305: 'initializing': truncation from 'double' to 'const GLfloat'
c:\users\phenix\desktop\gk\materials.h(22): warning C4838: conversion from 'double' to 'const GLfloat' requires a narrowing conversion
c:\users\phenix\desktop\gk\materials.h(22): warning C4305: 'initializing': truncation from 'double' to 'const GLfloat'
c:\users\phenix\desktop\gk\materials.h(27): warning C4838: conversion from 'double' to 'const GLfloat' requires a narrowing conversion
c:\users\phenix\desktop\gk\materials.h(27): warning C4305: 'initializing': truncation from 'double' to 'const GLfloat'
c:\users\phenix\desktop\gk\materials.h(29): warning C4305: 'initializing': truncation from 'double' to 'GLfloat'
c:\users\phenix\desktop\gk\materials.h(36): warning C4838: conversion from 'double' to 'const GLfloat' requires a narrowing conversion
c:\users\phenix\desktop\gk\materials.h(36): warning C4305: 'initializing': truncation from 'double' to 'const GLfloat'
c:\users\phenix\desktop\gk\materials.h(41): warning C4838: conversion from 'double' to 'const GLfloat' requires a narrowing conversion
c:\users\phenix\desktop\gk\materials.h(41): warning C4305: 'initializing': truncation from 'double' to 'const GLfloat'
c:\users\phenix\desktop\gk\materials.h(46): warning C4838: conversion from 'double' to 'const GLfloat' requires a narrowing conversion
c:\users\phenix\desktop\gk\materials.h(46): warning C4305: 'initializing': truncation from 'double' to 'const GLfloat'
c:\users\phenix\desktop\gk\materials.h(48): warning C4305: 'initializing': truncation from 'double' to 'GLfloat'
c:\users\phenix\desktop\gk\materials.h(55): warning C4838: conversion from 'double' to 'const GLfloat' requires a narrowing conversion
c:\users\phenix\desktop\gk\materials.h(55): warning C4305: 'initializing': truncation from 'double' to 'const GLfloat'
c:\users\phenix\desktop\gk\materials.h(60): warning C4838: conversion from 'double' to 'const GLfloat' requires a narrowing conversion
c:\users\phenix\desktop\gk\materials.h(60): warning C4305: 'initializing': truncation from 'double' to 'const GLfloat'
c:\users\phenix\desktop\gk\materials.h(65): warning C4838: conversion from 'double' to 'const GLfloat' requires a narrowing conversion
c:\users\phenix\desktop\gk\materials.h(65): warning C4305: 'initializing': truncation from 'double' to 'const GLfloat'
c:\users\phenix\desktop\gk\materials.h(67): warning C4305: 'initializing': truncation from 'double' to 'GLfloat'
c:\users\phenix\desktop\gk\materials.h(79): warning C4838: conversion from 'double' to 'const GLfloat' requires a narrowing conversion
c:\users\phenix\desktop\gk\materials.h(79): warning C4305: 'initializing': truncation from 'double' to 'const GLfloat'
c:\users\phenix\desktop\gk\materials.h(84): warning C4838: conversion from 'double' to 'const GLfloat' requires a narrowing conversion
c:\users\phenix\desktop\gk\materials.h(84): warning C4305: 'initializing': truncation from 'double' to 'const GLfloat'
c:\users\phenix\desktop\gk\materials.h(86): warning C4305: 'initializing': truncation from 'double' to 'GLfloat'
c:\users\phenix\desktop\gk\materials.h(93): warning C4838: conversion from 'double' to 'const GLfloat' requires a narrowing conversion
c:\users\phenix\desktop\gk\materials.h(93): warning C4305: 'initializing': truncation from 'double' to 'const GLfloat'
c:\users\phenix\desktop\gk\materials.h(98): warning C4838: conversion from 'double' to 'const GLfloat' requires a narrowing conversion
c:\users\phenix\desktop\gk\materials.h(98): warning C4305: 'initializing': truncation from 'double' to 'const GLfloat'
c:\users\phenix\desktop\gk\materials.h(103): warning C4838: conversion from 'double' to 'const GLfloat' requires a narrowing conversion
c:\users\phenix\desktop\gk\materials.h(103): warning C4305: 'initializing': truncation from 'double' to 'const GLfloat'
c:\users\phenix\desktop\gk\materials.h(105): warning C4305: 'initializing': truncation from 'double' to 'GLfloat'
c:\users\phenix\desktop\gk\materials.h(112): warning C4838: conversion from 'double' to 'const GLfloat' requires a narrowing conversion
c:\users\phenix\desktop\gk\materials.h(112): warning C4305: 'initializing': truncation from 'double' to 'const GLfloat'
c:\users\phenix\desktop\gk\materials.h(117): warning C4838: conversion from 'double' to 'const GLfloat' requires a narrowing conversion
c:\users\phenix\desktop\gk\materials.h(117): warning C4305: 'initializing': truncation from 'double' to 'const GLfloat'
c:\users\phenix\desktop\gk\materials.h(122): warning C4838: conversion from 'double' to 'const GLfloat' requires a narrowing conversion
c:\users\phenix\desktop\gk\materials.h(122): warning C4305: 'initializing': truncation from 'double' to 'const GLfloat'
c:\users\phenix\desktop\gk\materials.h(124): warning C4305: 'initializing': truncation from 'double' to 'GLfloat'
c:\users\phenix\desktop\gk\materials.h(131): warning C4838: conversion from 'double' to 'const GLfloat' requires a narrowing conversion
c:\users\phenix\desktop\gk\materials.h(131): warning C4305: 'initializing': truncation from 'double' to 'const GLfloat'
c:\users\phenix\desktop\gk\materials.h(136): warning C4838: conversion from 'double' to 'const GLfloat' requires a narrowing conversion
c:\users\phenix\desktop\gk\materials.h(136): warning C4305: 'initializing': truncation from 'double' to 'const GLfloat'
c:\users\phenix\desktop\gk\materials.h(141): warning C4838: conversion from 'double' to 'const GLfloat' requires a narrowing conversion
c:\users\phenix\desktop\gk\materials.h(141): warning C4305: 'initializing': truncation from 'double' to 'const GLfloat'
c:\users\phenix\desktop\gk\materials.h(143): warning C4305: 'initializing': truncation from 'double' to 'GLfloat'
c:\users\phenix\desktop\gk\materials.h(150): warning C4838: conversion from 'double' to 'const GLfloat' requires a narrowing conversion
c:\users\phenix\desktop\gk\materials.h(150): warning C4305: 'initializing': truncation from 'double' to 'const GLfloat'
c:\users\phenix\desktop\gk\materials.h(155): warning C4838: conversion from 'double' to 'const GLfloat' requires a narrowing conversion
c:\users\phenix\desktop\gk\materials.h(155): warning C4305: 'initializing': truncation from 'double' to 'const GLfloat'
c:\users\phenix\desktop\gk\materials.h(160): warning C4838: conversion from 'double' to 'const GLfloat' requires a narrowing conversion
c:\users\phenix\desktop\gk\materials.h(160): warning C4305: 'initializing': truncation from 'double' to 'const GLfloat'
c:\users\phenix\desktop\gk\materials.h(162): warning C4305: 'initializing': truncation from 'double' to 'GLfloat'
c:\users\phenix\desktop\gk\materials.h(169): warning C4838: conversion from 'double' to 'const GLfloat' requires a narrowing conversion
c:\users\phenix\desktop\gk\materials.h(169): warning C4305: 'initializing': truncation from 'double' to 'const GLfloat'
c:\users\phenix\desktop\gk\materials.h(174): warning C4838: conversion from 'double' to 'const GLfloat' requires a narrowing conversion
c:\users\phenix\desktop\gk\materials.h(174): warning C4305: 'initializing': truncation from 'double' to 'const GLfloat'
c:\users\phenix\desktop\gk\materials.h(179): warning C4838: conversion from 'double' to 'const GLfloat' requires a narrowing conversion
c:\users\phenix\desktop\gk\materials.h(179): warning C4305: 'initializing': truncation from 'double' to 'const GLfloat'
c:\users\phenix\desktop\gk\materials.h(181): warning C4305: 'initializing': truncation from 'double' to 'GLfloat'
c:\users\phenix\desktop\gk\materials.h(188): warning C4838: conversion from 'double' to 'const GLfloat' requires a narrowing conversion
c:\users\phenix\desktop\gk\materials.h(188): warning C4305: 'initializing': truncation from 'double' to 'const GLfloat'
c:\users\phenix\desktop\gk\materials.h(193): warning C4838: conversion from 'double' to 'const GLfloat' requires a narrowing conversion
c:\users\phenix\desktop\gk\materials.h(193): warning C4305: 'initializing': truncation from 'double' to 'const GLfloat'
c:\users\phenix\desktop\gk\materials.h(198): warning C4838: conversion from 'double' to 'const GLfloat' requires a narrowing conversion
c:\users\phenix\desktop\gk\materials.h(198): warning C4305: 'initializing': truncation from 'double' to 'const GLfloat'
c:\users\phenix\desktop\gk\materials.h(200): warning C4305: 'initializing': truncation from 'double' to 'GLfloat'
c:\users\phenix\desktop\gk\materials.h(207): warning C4838: conversion from 'double' to 'const GLfloat' requires a narrowing conversion
c:\users\phenix\desktop\gk\materials.h(207): warning C4305: 'initializing': truncation from 'double' to 'const GLfloat'
c:\users\phenix\desktop\gk\materials.h(212): warning C4838: conversion from 'double' to 'const GLfloat' requires a narrowing conversion
c:\users\phenix\desktop\gk\materials.h(212): warning C4305: 'initializing': truncation from 'double' to 'const GLfloat'
c:\users\phenix\desktop\gk\materials.h(217): warning C4838: conversion from 'double' to 'const GLfloat' requires a narrowing conversion
c:\users\phenix\desktop\gk\materials.h(217): warning C4305: 'initializing': truncation from 'double' to 'const GLfloat'
c:\users\phenix\desktop\gk\materials.h(219): warning C4305: 'initializing': truncation from 'double' to 'GLfloat'
c:\users\phenix\desktop\gk\materials.h(226): warning C4838: conversion from 'double' to 'const GLfloat' requires a narrowing conversion
c:\users\phenix\desktop\gk\materials.h(226): warning C4305: 'initializing': truncation from 'double' to 'const GLfloat'
c:\users\phenix\desktop\gk\materials.h(231): warning C4838: conversion from 'double' to 'const GLfloat' requires a narrowing conversion
c:\users\phenix\desktop\gk\materials.h(231): warning C4305: 'initializing': truncation from 'double' to 'const GLfloat'
c:\users\phenix\desktop\gk\materials.h(236): warning C4838: conversion from 'double' to 'const GLfloat' requires a narrowing conversion
c:\users\phenix\desktop\gk\materials.h(236): warning C4305: 'initializing': truncation from 'double' to 'const GLfloat'
c:\users\phenix\desktop\gk\materials.h(238): warning C4305: 'initializing': truncation from 'double' to 'GLfloat'
c:\users\phenix\desktop\gk\materials.h(245): warning C4838: conversion from 'double' to 'const GLfloat' requires a narrowing conversion
c:\users\phenix\desktop\gk\materials.h(245): warning C4305: 'initializing': truncation from 'double' to 'const GLfloat'
c:\users\phenix\desktop\gk\materials.h(250): warning C4838: conversion from 'double' to 'const GLfloat' requires a narrowing conversion
c:\users\phenix\desktop\gk\materials.h(250): warning C4305: 'initializing': truncation from 'double' to 'const GLfloat'
c:\users\phenix\desktop\gk\materials.h(255): warning C4838: conversion from 'double' to 'const GLfloat' requires a narrowing conversion
c:\users\phenix\desktop\gk\materials.h(255): warning C4305: 'initializing': truncation from 'double' to 'const GLfloat'
c:\users\phenix\desktop\gk\materials.h(257): warning C4305: 'initializing': truncation from 'double' to 'GLfloat'
c:\users\phenix\desktop\gk\materials.h(264): warning C4838: conversion from 'double' to 'const GLfloat' requires a narrowing conversion
c:\users\phenix\desktop\gk\materials.h(264): warning C4305: 'initializing': truncation from 'double' to 'const GLfloat'
c:\users\phenix\desktop\gk\materials.h(269): warning C4838: conversion from 'double' to 'const GLfloat' requires a narrowing conversion
c:\users\phenix\desktop\gk\materials.h(269): warning C4305: 'initializing': truncation from 'double' to 'const GLfloat'
c:\users\phenix\desktop\gk\materials.h(274): warning C4838: conversion from 'double' to 'const GLfloat' requires a narrowing conversion
c:\users\phenix\desktop\gk\materials.h(274): warning C4305: 'initializing': truncation from 'double' to 'const GLfloat'
c:\users\phenix\desktop\gk\materials.h(276): warning C4305: 'initializing': truncation from 'double' to 'GLfloat'
c:\users\phenix\desktop\gk\materials.h(283): warning C4838: conversion from 'double' to 'const GLfloat' requires a narrowing conversion
c:\users\phenix\desktop\gk\materials.h(283): warning C4305: 'initializing': truncation from 'double' to 'const GLfloat'
c:\users\phenix\desktop\gk\materials.h(288): warning C4838: conversion from 'double' to 'const GLfloat' requires a narrowing conversion
c:\users\phenix\desktop\gk\materials.h(288): warning C4305: 'initializing': truncation from 'double' to 'const GLfloat'
c:\users\phenix\desktop\gk\materials.h(293): warning C4838: conversion from 'double' to 'const GLfloat' requires a narrowing conversion
c:\users\phenix\desktop\gk\materials.h(293): warning C4305: 'initializing': truncation from 'double' to 'const GLfloat'
c:\users\phenix\desktop\gk\materials.h(295): warning C4305: 'initializing': truncation from 'double' to 'GLfloat'
c:\users\phenix\desktop\gk\materials.h(302): warning C4838: conversion from 'double' to 'const GLfloat' requires a narrowing conversion
c:\users\phenix\desktop\gk\materials.h(302): warning C4305: 'initializing': truncation from 'double' to 'const GLfloat'
c:\users\phenix\desktop\gk\materials.h(307): warning C4838: conversion from 'double' to 'const GLfloat' requires a narrowing conversion
c:\users\phenix\desktop\gk\materials.h(307): warning C4305: 'initializing': truncation from 'double' to 'const GLfloat'
c:\users\phenix\desktop\gk\materials.h(312): warning C4838: conversion from 'double' to 'const GLfloat' requires a narrowing conversion
c:\users\phenix\desktop\gk\materials.h(312): warning C4305: 'initializing': truncation from 'double' to 'const GLfloat'
c:\users\phenix\desktop\gk\materials.h(314): warning C4305: 'initializing': truncation from 'double' to 'GLfloat'
c:\users\phenix\desktop\gk\materials.h(321): warning C4838: conversion from 'double' to 'const GLfloat' requires a narrowing conversion
c:\users\phenix\desktop\gk\materials.h(321): warning C4305: 'initializing': truncation from 'double' to 'const GLfloat'
c:\users\phenix\desktop\gk\materials.h(326): warning C4838: conversion from 'double' to 'const GLfloat' requires a narrowing conversion
c:\users\phenix\desktop\gk\materials.h(326): warning C4305: 'initializing': truncation from 'double' to 'const GLfloat'
c:\users\phenix\desktop\gk\materials.h(331): warning C4838: conversion from 'double' to 'const GLfloat' requires a narrowing conversion
c:\users\phenix\desktop\gk\materials.h(331): warning C4305: 'initializing': truncation from 'double' to 'const GLfloat'
c:\users\phenix\desktop\gk\materials.h(333): warning C4305: 'initializing': truncation from 'double' to 'GLfloat'
c:\users\phenix\desktop\gk\materials.h(345): warning C4838: conversion from 'double' to 'const GLfloat' requires a narrowing conversion
c:\users\phenix\desktop\gk\materials.h(345): warning C4305: 'initializing': truncation from 'double' to 'const GLfloat'
c:\users\phenix\desktop\gk\materials.h(359): warning C4838: conversion from 'double' to 'const GLfloat' requires a narrowing conversion
c:\users\phenix\desktop\gk\materials.h(359): warning C4305: 'initializing': truncation from 'double' to 'const GLfloat'
c:\users\phenix\desktop\gk\materials.h(364): warning C4838: conversion from 'double' to 'const GLfloat' requires a narrowing conversion
c:\users\phenix\desktop\gk\materials.h(364): warning C4305: 'initializing': truncation from 'double' to 'const GLfloat'
c:\users\phenix\desktop\gk\materials.h(369): warning C4838: conversion from 'double' to 'const GLfloat' requires a narrowing conversion
c:\users\phenix\desktop\gk\materials.h(369): warning C4305: 'initializing': truncation from 'double' to 'const GLfloat'
c:\users\phenix\desktop\gk\colors.h(20): warning C4838: conversion from 'double' to 'const GLfloat' requires a narrowing conversion
c:\users\phenix\desktop\gk\colors.h(20): warning C4305: 'initializing': truncation from 'double' to 'const GLfloat'
c:\users\phenix\desktop\gk\colors.h(25): warning C4838: conversion from 'double' to 'const GLfloat' requires a narrowing conversion
c:\users\phenix\desktop\gk\colors.h(25): warning C4305: 'initializing': truncation from 'double' to 'const GLfloat'
c:\users\phenix\desktop\gk\colors.h(35): warning C4838: conversion from 'double' to 'const GLfloat' requires a narrowing conversion
c:\users\phenix\desktop\gk\colors.h(35): warning C4305: 'initializing': truncation from 'double' to 'const GLfloat'
c:\users\phenix\desktop\gk\colors.h(42): warning C4838: conversion from 'double' to 'const GLfloat' requires a narrowing conversion
c:\users\phenix\desktop\gk\colors.h(42): warning C4305: 'initializing': truncation from 'double' to 'const GLfloat'
c:\users\phenix\desktop\gk\colors.h(49): warning C4838: conversion from 'double' to 'const GLfloat' requires a narrowing conversion
c:\users\phenix\desktop\gk\colors.h(49): warning C4305: 'initializing': truncation from 'double' to 'const GLfloat'
c:\users\phenix\desktop\gk\colors.h(54): warning C4838: conversion from 'double' to 'const GLfloat' requires a narrowing conversion
c:\users\phenix\desktop\gk\colors.h(54): warning C4305: 'initializing': truncation from 'double' to 'const GLfloat'
c:\users\phenix\desktop\gk\colors.h(66): warning C4838: conversion from 'double' to 'const GLfloat' requires a narrowing conversion
c:\users\phenix\desktop\gk\colors.h(66): warning C4305: 'initializing': truncation from 'double' to 'const GLfloat'
c:\users\phenix\desktop\gk\colors.h(80): warning C4838: conversion from 'double' to 'const GLfloat' requires a narrowing conversion
c:\users\phenix\desktop\gk\colors.h(80): warning C4305: 'initializing': truncation from 'double' to 'const GLfloat'
c:\users\phenix\desktop\gk\colors.h(87): warning C4838: conversion from 'double' to 'const GLfloat' requires a narrowing conversion
c:\users\phenix\desktop\gk\colors.h(87): warning C4305: 'initializing': truncation from 'double' to 'const GLfloat'
c:\users\phenix\desktop\gk\colors.h(92): warning C4838: conversion from 'double' to 'const GLfloat' requires a narrowing conversion
c:\users\phenix\desktop\gk\colors.h(92): warning C4305: 'initializing': truncation from 'double' to 'const GLfloat'
c:\users\phenix\desktop\gk\colors.h(97): warning C4838: conversion from 'double' to 'const GLfloat' requires a narrowing conversion
c:\users\phenix\desktop\gk\colors.h(97): warning C4305: 'initializing': truncation from 'double' to 'const GLfloat'
c:\users\phenix\desktop\gk\colors.h(102): warning C4838: conversion from 'double' to 'const GLfloat' requires a narrowing conversion
c:\users\phenix\desktop\gk\colors.h(102): warning C4305: 'initializing': truncation from 'double' to 'const GLfloat'
c:\users\phenix\desktop\gk\colors.h(109): warning C4838: conversion from 'double' to 'const GLfloat' requires a narrowing conversion
c:\users\phenix\desktop\gk\colors.h(109): warning C4305: 'initializing': truncation from 'double' to 'const GLfloat'
c:\users\phenix\desktop\gk\colors.h(116): warning C4838: conversion from 'double' to 'const GLfloat' requires a narrowing conversion
c:\users\phenix\desktop\gk\colors.h(116): warning C4305: 'initializing': truncation from 'double' to 'const GLfloat'
c:\users\phenix\desktop\gk\colors.h(121): warning C4838: conversion from 'double' to 'const GLfloat' requires a narrowing conversion
c:\users\phenix\desktop\gk\colors.h(121): warning C4305: 'initializing': truncation from 'double' to 'const GLfloat'
c:\users\phenix\desktop\gk\colors.h(126): warning C4838: conversion from 'double' to 'const GLfloat' requires a narrowing conversion
c:\users\phenix\desktop\gk\colors.h(126): warning C4305: 'initializing': truncation from 'double' to 'const GLfloat'
c:\users\phenix\desktop\gk\colors.h(133): warning C4838: conversion from 'double' to 'const GLfloat' requires a narrowing conversion
c:\users\phenix\desktop\gk\colors.h(133): warning C4305: 'initializing': truncation from 'double' to 'const GLfloat'
c:\users\phenix\desktop\gk\colors.h(147): warning C4838: conversion from 'double' to 'const GLfloat' requires a narrowing conversion
c:\users\phenix\desktop\gk\colors.h(147): warning C4305: 'initializing': truncation from 'double' to 'const GLfloat'
c:\users\phenix\desktop\gk\colors.h(154): warning C4838: conversion from 'double' to 'const GLfloat' requires a narrowing conversion
c:\users\phenix\desktop\gk\colors.h(154): warning C4305: 'initializing': truncation from 'double' to 'const GLfloat'
c:\users\phenix\desktop\gk\colors.h(159): warning C4838: conversion from 'double' to 'const GLfloat' requires a narrowing conversion
c:\users\phenix\desktop\gk\colors.h(159): warning C4305: 'initializing': truncation from 'double' to 'const GLfloat'
c:\users\phenix\desktop\gk\colors.h(166): warning C4838: conversion from 'double' to 'const GLfloat' requires a narrowing conversion
c:\users\phenix\desktop\gk\colors.h(166): warning C4305: 'initializing': truncation from 'double' to 'const GLfloat'
c:\users\phenix\desktop\gk\colors.h(173): warning C4838: conversion from 'double' to 'const GLfloat' requires a narrowing conversion
c:\users\phenix\desktop\gk\colors.h(173): warning C4305: 'initializing': truncation from 'double' to 'const GLfloat'
c:\users\phenix\desktop\gk\colors.h(180): warning C4838: conversion from 'double' to 'const GLfloat' requires a narrowing conversion
c:\users\phenix\desktop\gk\colors.h(180): warning C4305: 'initializing': truncation from 'double' to 'const GLfloat'
c:\users\phenix\desktop\gk\colors.h(187): warning C4838: conversion from 'double' to 'const GLfloat' requires a narrowing conversion
c:\users\phenix\desktop\gk\colors.h(187): warning C4305: 'initializing': truncation from 'double' to 'const GLfloat'
c:\users\phenix\desktop\gk\colors.h(192): warning C4838: conversion from 'double' to 'const GLfloat' requires a narrowing conversion
c:\users\phenix\desktop\gk\colors.h(192): warning C4305: 'initializing': truncation from 'double' to 'const GLfloat'
c:\users\phenix\desktop\gk\colors.h(199): warning C4838: conversion from 'double' to 'const GLfloat' requires a narrowing conversion
c:\users\phenix\desktop\gk\colors.h(199): warning C4305: 'initializing': truncation from 'double' to 'const GLfloat'
c:\users\phenix\desktop\gk\colors.h(204): warning C4838: conversion from 'double' to 'const GLfloat' requires a narrowing conversion
c:\users\phenix\desktop\gk\colors.h(204): warning C4305: 'initializing': truncation from 'double' to 'const GLfloat'
c:\users\phenix\desktop\gk\colors.h(211): warning C4838: conversion from 'double' to 'const GLfloat' requires a narrowing conversion
c:\users\phenix\desktop\gk\colors.h(211): warning C4305: 'initializing': truncation from 'double' to 'const GLfloat'
c:\users\phenix\desktop\gk\colors.h(216): warning C4838: conversion from 'double' to 'const GLfloat' requires a narrowing conversion
c:\users\phenix\desktop\gk\colors.h(216): warning C4305: 'initializing': truncation from 'double' to 'const GLfloat'
c:\users\phenix\desktop\gk\colors.h(221): warning C4838: conversion from 'double' to 'const GLfloat' requires a narrowing conversion
c:\users\phenix\desktop\gk\colors.h(221): warning C4305: 'initializing': truncation from 'double' to 'const GLfloat'
c:\users\phenix\desktop\gk\colors.h(226): warning C4838: conversion from 'double' to 'const GLfloat' requires a narrowing conversion
c:\users\phenix\desktop\gk\colors.h(226): warning C4305: 'initializing': truncation from 'double' to 'const GLfloat'
c:\users\phenix\desktop\gk\colors.h(231): warning C4838: conversion from 'double' to 'const GLfloat' requires a narrowing conversion
c:\users\phenix\desktop\gk\colors.h(231): warning C4305: 'initializing': truncation from 'double' to 'const GLfloat'
c:\users\phenix\desktop\gk\colors.h(236): warning C4838: conversion from 'double' to 'const GLfloat' requires a narrowing conversion
c:\users\phenix\desktop\gk\colors.h(236): warning C4305: 'initializing': truncation from 'double' to 'const GLfloat'
c:\users\phenix\desktop\gk\colors.h(243): warning C4838: conversion from 'double' to 'const GLfloat' requires a narrowing conversion
c:\users\phenix\desktop\gk\colors.h(243): warning C4305: 'initializing': truncation from 'double' to 'const GLfloat'
c:\users\phenix\desktop\gk\colors.h(248): warning C4838: conversion from 'double' to 'const GLfloat' requires a narrowing conversion
c:\users\phenix\desktop\gk\colors.h(248): warning C4305: 'initializing': truncation from 'double' to 'const GLfloat'
c:\users\phenix\desktop\gk\colors.h(253): warning C4838: conversion from 'double' to 'const GLfloat' requires a narrowing conversion
c:\users\phenix\desktop\gk\colors.h(253): warning C4305: 'initializing': truncation from 'double' to 'const GLfloat'
c:\users\phenix\desktop\gk\colors.h(258): warning C4838: conversion from 'double' to 'const GLfloat' requires a narrowing conversion
c:\users\phenix\desktop\gk\colors.h(258): warning C4305: 'initializing': truncation from 'double' to 'const GLfloat'
c:\users\phenix\desktop\gk\colors.h(263): warning C4838: conversion from 'double' to 'const GLfloat' requires a narrowing conversion
c:\users\phenix\desktop\gk\colors.h(263): warning C4305: 'initializing': truncation from 'double' to 'const GLfloat'
c:\users\phenix\desktop\gk\colors.h(268): warning C4838: conversion from 'double' to 'const GLfloat' requires a narrowing conversion
c:\users\phenix\desktop\gk\colors.h(268): warning C4305: 'initializing': truncation from 'double' to 'const GLfloat'
c:\users\phenix\desktop\gk\colors.h(273): warning C4838: conversion from 'double' to 'const GLfloat' requires a narrowing conversion
c:\users\phenix\desktop\gk\colors.h(273): warning C4305: 'initializing': truncation from 'double' to 'const GLfloat'
c:\users\phenix\desktop\gk\colors.h(278): warning C4838: conversion from 'double' to 'const GLfloat' requires a narrowing conversion
c:\users\phenix\desktop\gk\colors.h(278): warning C4305: 'initializing': truncation from 'double' to 'const GLfloat'
c:\users\phenix\desktop\gk\colors.h(290): warning C4838: conversion from 'double' to 'const GLfloat' requires a narrowing conversion
c:\users\phenix\desktop\gk\colors.h(290): warning C4305: 'initializing': truncation from 'double' to 'const GLfloat'
c:\users\phenix\desktop\gk\colors.h(295): warning C4838: conversion from 'double' to 'const GLfloat' requires a narrowing conversion
c:\users\phenix\desktop\gk\colors.h(295): warning C4305: 'initializing': truncation from 'double' to 'const GLfloat'
c:\users\phenix\desktop\gk\colors.h(302): warning C4838: conversion from 'double' to 'const GLfloat' requires a narrowing conversion
c:\users\phenix\desktop\gk\colors.h(302): warning C4305: 'initializing': truncation from 'double' to 'const GLfloat'
c:\users\phenix\desktop\gk\colors.h(307): warning C4838: conversion from 'double' to 'const GLfloat' requires a narrowing conversion
c:\users\phenix\desktop\gk\colors.h(307): warning C4305: 'initializing': truncation from 'double' to 'const GLfloat'
c:\users\phenix\desktop\gk\colors.h(314): warning C4838: conversion from 'double' to 'const GLfloat' requires a narrowing conversion
c:\users\phenix\desktop\gk\colors.h(314): warning C4305: 'initializing': truncation from 'double' to 'const GLfloat'
c:\users\phenix\desktop\gk\colors.h(321): warning C4838: conversion from 'double' to 'const GLfloat' requires a narrowing conversion
c:\users\phenix\desktop\gk\colors.h(321): warning C4305: 'initializing': truncation from 'double' to 'const GLfloat'
c:\users\phenix\desktop\gk\colors.h(328): warning C4838: conversion from 'double' to 'const GLfloat' requires a narrowing conversion
c:\users\phenix\desktop\gk\colors.h(328): warning C4305: 'initializing': truncation from 'double' to 'const GLfloat'
c:\users\phenix\desktop\gk\colors.h(335): warning C4838: conversion from 'double' to 'const GLfloat' requires a narrowing conversion
c:\users\phenix\desktop\gk\colors.h(335): warning C4305: 'initializing': truncation from 'double' to 'const GLfloat'
c:\users\phenix\desktop\gk\colors.h(342): warning C4838: conversion from 'double' to 'const GLfloat' requires a narrowing conversion
c:\users\phenix\desktop\gk\colors.h(342): warning C4305: 'initializing': truncation from 'double' to 'const GLfloat'
c:\users\phenix\desktop\gk\colors.h(347): warning C4838: conversion from 'double' to 'const GLfloat' requires a narrowing conversion
c:\users\phenix\desktop\gk\colors.h(347): warning C4305: 'initializing': truncation from 'double' to 'const GLfloat'
c:\users\phenix\desktop\gk\colors.h(354): warning C4838: conversion from 'double' to 'const GLfloat' requires a narrowing conversion
c:\users\phenix\desktop\gk\colors.h(354): warning C4305: 'initializing': truncation from 'double' to 'const GLfloat'
c:\users\phenix\desktop\gk\colors.h(361): warning C4838: conversion from 'double' to 'const GLfloat' requires a narrowing conversion
c:\users\phenix\desktop\gk\colors.h(361): warning C4305: 'initializing': truncation from 'double' to 'const GLfloat'
c:\users\phenix\desktop\gk\colors.h(368): warning C4838: conversion from 'double' to 'const GLfloat' requires a narrowing conversion
c:\users\phenix\desktop\gk\colors.h(368): warning C4305: 'initializing': truncation from 'double' to 'const GLfloat'
c:\users\phenix\desktop\gk\colors.h(375): warning C4838: conversion from 'double' to 'const GLfloat' requires a narrowing conversion
c:\users\phenix\desktop\gk\colors.h(375): warning C4305: 'initializing': truncation from 'double' to 'const GLfloat'
c:\users\phenix\desktop\gk\colors.h(380): warning C4838: conversion from 'double' to 'const GLfloat' requires a narrowing conversion
c:\users\phenix\desktop\gk\colors.h(380): warning C4305: 'initializing': truncation from 'double' to 'const GLfloat'
c:\users\phenix\desktop\gk\colors.h(385): warning C4838: conversion from 'double' to 'const GLfloat' requires a narrowing conversion
c:\users\phenix\desktop\gk\colors.h(385): warning C4305: 'initializing': truncation from 'double' to 'const GLfloat'
c:\users\phenix\desktop\gk\colors.h(390): warning C4838: conversion from 'double' to 'const GLfloat' requires a narrowing conversion
c:\users\phenix\desktop\gk\colors.h(390): warning C4305: 'initializing': truncation from 'double' to 'const GLfloat'
c:\users\phenix\desktop\gk\colors.h(395): warning C4838: conversion from 'double' to 'const GLfloat' requires a narrowing conversion
c:\users\phenix\desktop\gk\colors.h(395): warning C4305: 'initializing': truncation from 'double' to 'const GLfloat'
c:\users\phenix\desktop\gk\colors.h(400): warning C4838: conversion from 'double' to 'const GLfloat' requires a narrowing conversion
c:\users\phenix\desktop\gk\colors.h(400): warning C4305: 'initializing': truncation from 'double' to 'const GLfloat'
c:\users\phenix\desktop\gk\colors.h(405): warning C4838: conversion from 'double' to 'const GLfloat' requires a narrowing conversion
c:\users\phenix\desktop\gk\colors.h(405): warning C4305: 'initializing': truncation from 'double' to 'const GLfloat'
c:\users\phenix\desktop\gk\colors.h(410): warning C4838: conversion from 'double' to 'const GLfloat' requires a narrowing conversion
c:\users\phenix\desktop\gk\colors.h(410): warning C4305: 'initializing': truncation from 'double' to 'const GLfloat'
c:\users\phenix\desktop\gk\colors.h(415): warning C4838: conversion from 'double' to 'const GLfloat' requires a narrowing conversion
c:\users\phenix\desktop\gk\colors.h(415): warning C4305: 'initializing': truncation from 'double' to 'const GLfloat'
c:\users\phenix\desktop\gk\colors.h(420): warning C4838: conversion from 'double' to 'const GLfloat' requires a narrowing conversion
c:\users\phenix\desktop\gk\colors.h(420): warning C4305: 'initializing': truncation from 'double' to 'const GLfloat'
c:\users\phenix\desktop\gk\colors.h(425): warning C4838: conversion from 'double' to 'const GLfloat' requires a narrowing conversion
c:\users\phenix\desktop\gk\colors.h(425): warning C4305: 'initializing': truncation from 'double' to 'const GLfloat'
c:\users\phenix\desktop\gk\colors.h(430): warning C4838: conversion from 'double' to 'const GLfloat' requires a narrowing conversion
c:\users\phenix\desktop\gk\colors.h(430): warning C4305: 'initializing': truncation from 'double' to 'const GLfloat'
c:\users\phenix\desktop\gk\colors.h(435): warning C4838: conversion from 'double' to 'const GLfloat' requires a narrowing conversion
c:\users\phenix\desktop\gk\colors.h(435): warning C4305: 'initializing': truncation from 'double' to 'const GLfloat'
c:\users\phenix\desktop\gk\colors.h(440): warning C4838: conversion from 'double' to 'const GLfloat' requires a narrowing conversion
c:\users\phenix\desktop\gk\colors.h(440): warning C4305: 'initializing': truncation from 'double' to 'const GLfloat'
c:\users\phenix\desktop\gk\colors.h(445): warning C4838: conversion from 'double' to 'const GLfloat' requires a narrowing conversion
c:\users\phenix\desktop\gk\colors.h(445): warning C4305: 'initializing': truncation from 'double' to 'const GLfloat'
c:\users\phenix\desktop\gk\colors.h(450): warning C4838: conversion from 'double' to 'const GLfloat' requires a narrowing conversion
c:\users\phenix\desktop\gk\colors.h(450): warning C4305: 'initializing': truncation from 'double' to 'const GLfloat'
c:\users\phenix\desktop\gk\colors.h(455): warning C4838: conversion from 'double' to 'const GLfloat' requires a narrowing conversion
c:\users\phenix\desktop\gk\colors.h(455): warning C4305: 'initializing': truncation from 'double' to 'const GLfloat'
c:\users\phenix\desktop\gk\colors.h(469): warning C4838: conversion from 'double' to 'const GLfloat' requires a narrowing conversion
c:\users\phenix\desktop\gk\colors.h(469): warning C4305: 'initializing': truncation from 'double' to 'const GLfloat'
c:\users\phenix\desktop\gk\colors.h(476): warning C4838: conversion from 'double' to 'const GLfloat' requires a narrowing conversion
c:\users\phenix\desktop\gk\colors.h(476): warning C4305: 'initializing': truncation from 'double' to 'const GLfloat'
c:\users\phenix\desktop\gk\colors.h(490): warning C4838: conversion from 'double' to 'const GLfloat' requires a narrowing conversion
c:\users\phenix\desktop\gk\colors.h(490): warning C4305: 'initializing': truncation from 'double' to 'const GLfloat'
c:\users\phenix\desktop\gk\colors.h(495): warning C4838: conversion from 'double' to 'const GLfloat' requires a narrowing conversion
c:\users\phenix\desktop\gk\colors.h(495): warning C4305: 'initializing': truncation from 'double' to 'const GLfloat'
c:\users\phenix\desktop\gk\colors.h(500): warning C4838: conversion from 'double' to 'const GLfloat' requires a narrowing conversion
c:\users\phenix\desktop\gk\colors.h(500): warning C4305: 'initializing': truncation from 'double' to 'const GLfloat'
c:\users\phenix\desktop\gk\colors.h(505): warning C4838: conversion from 'double' to 'const GLfloat' requires a narrowing conversion
c:\users\phenix\desktop\gk\colors.h(505): warning C4305: 'initializing': truncation from 'double' to 'const GLfloat'
c:\users\phenix\desktop\gk\colors.h(510): warning C4838: conversion from 'double' to 'const GLfloat' requires a narrowing conversion
c:\users\phenix\desktop\gk\colors.h(510): warning C4305: 'initializing': truncation from 'double' to 'const GLfloat'
c:\users\phenix\desktop\gk\colors.h(515): warning C4838: conversion from 'double' to 'const GLfloat' requires a narrowing conversion
c:\users\phenix\desktop\gk\colors.h(515): warning C4305: 'initializing': truncation from 'double' to 'const GLfloat'
c:\users\phenix\desktop\gk\colors.h(520): warning C4838: conversion from 'double' to 'const GLfloat' requires a narrowing conversion
c:\users\phenix\desktop\gk\colors.h(520): warning C4305: 'initializing': truncation from 'double' to 'const GLfloat'
c:\users\phenix\desktop\gk\colors.h(525): warning C4838: conversion from 'double' to 'const GLfloat' requires a narrowing conversion
c:\users\phenix\desktop\gk\colors.h(525): warning C4305: 'initializing': truncation from 'double' to 'const GLfloat'
c:\users\phenix\desktop\gk\colors.h(530): warning C4838: conversion from 'double' to 'const GLfloat' requires a narrowing conversion
c:\users\phenix\desktop\gk\colors.h(530): warning C4305: 'initializing': truncation from 'double' to 'const GLfloat'
c:\users\phenix\desktop\gk\colors.h(535): warning C4838: conversion from 'double' to 'const GLfloat' requires a narrowing conversion
c:\users\phenix\desktop\gk\colors.h(535): warning C4305: 'initializing': truncation from 'double' to 'const GLfloat'
c:\users\phenix\desktop\gk\colors.h(540): warning C4838: conversion from 'double' to 'const GLfloat' requires a narrowing conversion
c:\users\phenix\desktop\gk\colors.h(540): warning C4305: 'initializing': truncation from 'double' to 'const GLfloat'
c:\users\phenix\desktop\gk\colors.h(545): warning C4838: conversion from 'double' to 'const GLfloat' requires a narrowing conversion
c:\users\phenix\desktop\gk\colors.h(545): warning C4305: 'initializing': truncation from 'double' to 'const GLfloat'
c:\users\phenix\desktop\gk\colors.h(550): warning C4838: conversion from 'double' to 'const GLfloat' requires a narrowing conversion
c:\users\phenix\desktop\gk\colors.h(550): warning C4305: 'initializing': truncation from 'double' to 'const GLfloat'
c:\users\phenix\desktop\gk\colors.h(555): warning C4838: conversion from 'double' to 'const GLfloat' requires a narrowing conversion
c:\users\phenix\desktop\gk\colors.h(555): warning C4305: 'initializing': truncation from 'double' to 'const GLfloat'
c:\users\phenix\desktop\gk\colors.h(560): warning C4838: conversion from 'double' to 'const GLfloat' requires a narrowing conversion
c:\users\phenix\desktop\gk\colors.h(560): warning C4305: 'initializing': truncation from 'double' to 'const GLfloat'
c:\users\phenix\desktop\gk\colors.h(567): warning C4838: conversion from 'double' to 'const GLfloat' requires a narrowing conversion
c:\users\phenix\desktop\gk\colors.h(567): warning C4305: 'initializing': truncation from 'double' to 'const GLfloat'
c:\users\phenix\desktop\gk\colors.h(572): warning C4838: conversion from 'double' to 'const GLfloat' requires a narrowing conversion
c:\users\phenix\desktop\gk\colors.h(572): warning C4305: 'initializing': truncation from 'double' to 'const GLfloat'
c:\users\phenix\desktop\gk\colors.h(579): warning C4838: conversion from 'double' to 'const GLfloat' requires a narrowing conversion
c:\users\phenix\desktop\gk\colors.h(579): warning C4305: 'initializing': truncation from 'double' to 'const GLfloat'
c:\users\phenix\desktop\gk\colors.h(587): warning C4838: conversion from 'double' to 'const GLfloat' requires a narrowing conversion
c:\users\phenix\desktop\gk\colors.h(587): warning C4305: 'initializing': truncation from 'double' to 'const GLfloat'
c:\users\phenix\desktop\gk\colors.h(594): warning C4838: conversion from 'double' to 'const GLfloat' requires a narrowing conversion
c:\users\phenix\desktop\gk\colors.h(594): warning C4305: 'initializing': truncation from 'double' to 'const GLfloat'
c:\users\phenix\desktop\gk\colors.h(601): warning C4838: conversion from 'double' to 'const GLfloat' requires a narrowing conversion
c:\users\phenix\desktop\gk\colors.h(601): warning C4305: 'initializing': truncation from 'double' to 'const GLfloat'
c:\users\phenix\desktop\gk\colors.h(606): warning C4838: conversion from 'double' to 'const GLfloat' requires a narrowing conversion
c:\users\phenix\desktop\gk\colors.h(606): warning C4305: 'initializing': truncation from 'double' to 'const GLfloat'
c:\users\phenix\desktop\gk\colors.h(611): warning C4838: conversion from 'double' to 'const GLfloat' requires a narrowing conversion
c:\users\phenix\desktop\gk\colors.h(611): warning C4305: 'initializing': truncation from 'double' to 'const GLfloat'
c:\users\phenix\desktop\gk\colors.h(618): warning C4838: conversion from 'double' to 'const GLfloat' requires a narrowing conversion
c:\users\phenix\desktop\gk\colors.h(618): warning C4305: 'initializing': truncation from 'double' to 'const GLfloat'
c:\users\phenix\desktop\gk\colors.h(625): warning C4838: conversion from 'double' to 'const GLfloat' requires a narrowing conversion
c:\users\phenix\desktop\gk\colors.h(625): warning C4305: 'initializing': truncation from 'double' to 'const GLfloat'
c:\users\phenix\desktop\gk\colors.h(630): warning C4838: conversion from 'double' to 'const GLfloat' requires a narrowing conversion
c:\users\phenix\desktop\gk\colors.h(630): warning C4305: 'initializing': truncation from 'double' to 'const GLfloat'
c:\users\phenix\desktop\gk\colors.h(635): warning C4838: conversion from 'double' to 'const GLfloat' requires a narrowing conversion
c:\users\phenix\desktop\gk\colors.h(635): warning C4305: 'initializing': truncation from 'double' to 'const GLfloat'
c:\users\phenix\desktop\gk\colors.h(640): warning C4838: conversion from 'double' to 'const GLfloat' requires a narrowing conversion
c:\users\phenix\desktop\gk\colors.h(640): warning C4305: 'initializing': truncation from 'double' to 'const GLfloat'
c:\users\phenix\desktop\gk\colors.h(645): warning C4838: conversion from 'double' to 'const GLfloat' requires a narrowing conversion
c:\users\phenix\desktop\gk\colors.h(645): warning C4305: 'initializing': truncation from 'double' to 'const GLfloat'
c:\users\phenix\desktop\gk\colors.h(652): warning C4838: conversion from 'double' to 'const GLfloat' requires a narrowing conversion
c:\users\phenix\desktop\gk\colors.h(652): warning C4305: 'initializing': truncation from 'double' to 'const GLfloat'
c:\users\phenix\desktop\gk\colors.h(659): warning C4838: conversion from 'double' to 'const GLfloat' requires a narrowing conversion
c:\users\phenix\desktop\gk\colors.h(659): warning C4305: 'initializing': truncation from 'double' to 'const GLfloat'
c:\users\phenix\desktop\gk\colors.h(664): warning C4838: conversion from 'double' to 'const GLfloat' requires a narrowing conversion
c:\users\phenix\desktop\gk\colors.h(664): warning C4305: 'initializing': truncation from 'double' to 'const GLfloat'
c:\users\phenix\desktop\gk\colors.h(671): warning C4838: conversion from 'double' to 'const GLfloat' requires a narrowing conversion
c:\users\phenix\desktop\gk\colors.h(671): warning C4305: 'initializing': truncation from 'double' to 'const GLfloat'
c:\users\phenix\desktop\gk\colors.h(683): warning C4838: conversion from 'double' to 'const GLfloat' requires a narrowing conversion
c:\users\phenix\desktop\gk\colors.h(683): warning C4305: 'initializing': truncation from 'double' to 'const GLfloat'
c:\users\phenix\desktop\gk\colors.h(688): warning C4838: conversion from 'double' to 'const GLfloat' requires a narrowing conversion
c:\users\phenix\desktop\gk\colors.h(688): warning C4305: 'initializing': truncation from 'double' to 'const GLfloat'
c:\users\phenix\desktop\gk\colors.h(695): warning C4838: conversion from 'double' to 'const GLfloat' requires a narrowing conversion
c:\users\phenix\desktop\gk\colors.h(695): warning C4305: 'initializing': truncation from 'double' to 'const GLfloat'
c:\users\phenix\desktop\gk\colors.h(702): warning C4838: conversion from 'double' to 'const GLfloat' requires a narrowing conversion
c:\users\phenix\desktop\gk\colors.h(702): warning C4305: 'initializing': truncation from 'double' to 'const GLfloat'
c:\users\phenix\desktop\gk\colors.h(707): warning C4838: conversion from 'double' to 'const GLfloat' requires a narrowing conversion
c:\users\phenix\desktop\gk\colors.h(707): warning C4305: 'initializing': truncation from 'double' to 'const GLfloat'
c:\users\phenix\desktop\gk\colors.h(712): warning C4838: conversion from 'double' to 'const GLfloat' requires a narrowing conversion
c:\users\phenix\desktop\gk\colors.h(712): warning C4305: 'initializing': truncation from 'double' to 'const GLfloat'
c:\users\phenix\desktop\gk\colors.h(717): warning C4838: conversion from 'double' to 'const GLfloat' requires a narrowing conversion
c:\users\phenix\desktop\gk\colors.h(717): warning C4305: 'initializing': truncation from 'double' to 'const GLfloat'
c:\users\phenix\desktop\gk\colors.h(724): warning C4838: conversion from 'double' to 'const GLfloat' requires a narrowing conversion
c:\users\phenix\desktop\gk\colors.h(724): warning C4305: 'initializing': truncation from 'double' to 'const GLfloat'
c:\users\phenix\desktop\gk\colors.h(731): warning C4838: conversion from 'double' to 'const GLfloat' requires a narrowing conversion
c:\users\phenix\desktop\gk\colors.h(731): warning C4305: 'initializing': truncation from 'double' to 'const GLfloat'
c:\users\phenix\desktop\gk\colors.h(738): warning C4838: conversion from 'double' to 'const GLfloat' requires a narrowing conversion
c:\users\phenix\desktop\gk\colors.h(738): warning C4305: 'initializing': truncation from 'double' to 'const GLfloat'
c:\users\phenix\desktop\gk\colors.h(745): warning C4838: conversion from 'double' to 'const GLfloat' requires a narrowing conversion
c:\users\phenix\desktop\gk\colors.h(745): warning C4305: 'initializing': truncation from 'double' to 'const GLfloat'
c:\users\phenix\desktop\gk\colors.h(752): warning C4838: conversion from 'double' to 'const GLfloat' requires a narrowing conversion
c:\users\phenix\desktop\gk\colors.h(752): warning C4305: 'initializing': truncation from 'double' to 'const GLfloat'
c:\users\phenix\desktop\gk\colors.h(759): warning C4838: conversion from 'double' to 'const GLfloat' requires a narrowing conversion
c:\users\phenix\desktop\gk\colors.h(759): warning C4305: 'initializing': truncation from 'double' to 'const GLfloat'
c:\users\phenix\desktop\gk\colors.h(766): warning C4838: conversion from 'double' to 'const GLfloat' requires a narrowing conversion
c:\users\phenix\desktop\gk\colors.h(766): warning C4305: 'initializing': truncation from 'double' to 'const GLfloat'
c:\users\phenix\desktop\gk\colors.h(773): warning C4838: conversion from 'double' to 'const GLfloat' requires a narrowing conversion
c:\users\phenix\desktop\gk\colors.h(773): warning C4305: 'initializing': truncation from 'double' to 'const GLfloat'
c:\users\phenix\desktop\gk\colors.h(780): warning C4838: conversion from 'double' to 'const GLfloat' requires a narrowing conversion
c:\users\phenix\desktop\gk\colors.h(780): warning C4305: 'initializing': truncation from 'double' to 'const GLfloat'
c:\users\phenix\desktop\gk\colors.h(787): warning C4838: conversion from 'double' to 'const GLfloat' requires a narrowing conversion
c:\users\phenix\desktop\gk\colors.h(787): warning C4305: 'initializing': truncation from 'double' to 'const GLfloat'
c:\users\phenix\desktop\gk\colors.h(794): warning C4838: conversion from 'double' to 'const GLfloat' requires a narrowing conversion
c:\users\phenix\desktop\gk\colors.h(794): warning C4305: 'initializing': truncation from 'double' to 'const GLfloat'
c:\users\phenix\desktop\gk\colors.h(801): warning C4838: conversion from 'double' to 'const GLfloat' requires a narrowing conversion
c:\users\phenix\desktop\gk\colors.h(801): warning C4305: 'initializing': truncation from 'double' to 'const GLfloat'
c:\users\phenix\desktop\gk\colors.h(815): warning C4838: conversion from 'double' to 'const GLfloat' requires a narrowing conversion
c:\users\phenix\desktop\gk\colors.h(815): warning C4305: 'initializing': truncation from 'double' to 'const GLfloat'
c:\users\phenix\desktop\gk\colors.h(822): warning C4838: conversion from 'double' to 'const GLfloat' requires a narrowing conversion
c:\users\phenix\desktop\gk\colors.h(822): warning C4305: 'initializing': truncation from 'double' to 'const GLfloat'
c:\users\phenix\desktop\gk\colors.h(827): warning C4838: conversion from 'double' to 'const GLfloat' requires a narrowing conversion
c:\users\phenix\desktop\gk\colors.h(827): warning C4305: 'initializing': truncation from 'double' to 'const GLfloat'
c:\users\phenix\desktop\gk\colors.h(839): warning C4838: conversion from 'double' to 'const GLfloat' requires a narrowing conversion
c:\users\phenix\desktop\gk\colors.h(839): warning C4305: 'initializing': truncation from 'double' to 'const GLfloat'
c:\users\phenix\desktop\gk\colors.h(853): warning C4838: conversion from 'double' to 'const GLfloat' requires a narrowing conversion
c:\users\phenix\desktop\gk\colors.h(853): warning C4305: 'initializing': truncation from 'double' to 'const GLfloat'
c:\users\phenix\desktop\gk\gk_05a\gk_05a\targetver.h(258): warning C4838: conversion from 'double' to 'GLfloat' requires a narrowing conversion
c:\users\phenix\desktop\gk\gk_05a\gk_05a\targetver.h(258): warning C4305: 'initializing': truncation from 'double' to 'GLfloat'
c:\users\phenix\desktop\gk\gk_05a\gk_05a\targetver.h(321): warning C4838: conversion from 'double' to 'GLfloat' requires a narrowing conversion
c:\users\phenix\desktop\gk\gk_05a\gk_05a\targetver.h(321): warning C4305: 'initializing': truncation from 'double' to 'GLfloat'
c:\users\phenix\desktop\gk\gk_05a\gk_05a\targetver.h(374): warning C4244: 'initializing': conversion from 'double' to 'GLfloat', possible loss of data
c:\users\phenix\desktop\gk\gk_05a\gk_05a\targetver.h(604): warning C4244: '=': conversion from 'double' to 'GLfloat', possible loss of data
c:\users\phenix\desktop\gk\gk_05a\gk_05a\targetver.h(605): warning C4244: '=': conversion from 'double' to 'GLfloat', possible loss of data
c:\users\phenix\desktop\gk\gk_05a\gk_05a\targetver.h(709): warning C4244: '=': conversion from 'double' to 'GLfloat', possible loss of data
c:\users\phenix\desktop\gk\gk_05a\gk_05a\targetver.h(710): warning C4244: '=': conversion from 'double' to 'GLfloat', possible loss of data
c:\users\phenix\desktop\gk\gk_05a\gk_05a\targetver.h(853): warning C4305: '+=': truncation from 'double' to 'GLfloat'
c:\users\phenix\desktop\gk\gk_05a\gk_05a\targetver.h(858): warning C4305: '-=': truncation from 'double' to 'GLfloat'
c:\users\phenix\desktop\gk\gk_05a\gk_05a\targetver.h(919): warning C4244: '+=': conversion from 'double' to 'GLfloat', possible loss of data
c:\users\phenix\desktop\gk\gk_05a\gk_05a\targetver.h(921): warning C4244: '-=': conversion from 'double' to 'GLfloat', possible loss of data
c:\users\phenix\desktop\gk\gk_05a\gk_05a\targetver.h(1217): warning C4566: character represented by universal-character-name '\u0105' cannot be represented in the current code page (1252)
c:\users\phenix\desktop\gk\gk_05a\gk_05a\targetver.h(1218): warning C4566: character represented by universal-character-name '\u0105' cannot be represented in the current code page (1252)
c:\users\phenix\desktop\gk\gk_05a\gk_05a\targetver.h(1219): warning C4566: character represented by universal-character-name '\u0105' cannot be represented in the current code page (1252)
c:\users\phenix\desktop\gk\gk_05a\gk_05a\targetver.h(1221): warning C4566: character represented by universal-character-name '\u017A' cannot be represented in the current code page (1252)
c:\users\phenix\desktop\gk\gk_05a\gk_05a\targetver.h(1222): warning C4566: character represented by universal-character-name '\u017A' cannot be represented in the current code page (1252)
c:\users\phenix\desktop\gk\gk_05a\gk_05a\targetver.h(1223): warning C4566: character represented by universal-character-name '\u0142' cannot be represented in the current code page (1252)
c:\users\phenix\desktop\gk\gk_05a\gk_05a\targetver.h(1224): warning C4566: character represented by universal-character-name '\u0142' cannot be represented in the current code page (1252)
c:\users\phenix\desktop\gk\gk_05a\gk_05a\targetver.h(1225): warning C4566: character represented by universal-character-name '\u0142' cannot be represented in the current code page (1252)
c:\users\phenix\desktop\gk\gk_05a\gk_05a\targetver.h(1231): warning C4566: character represented by universal-character-name '\u0142' cannot be represented in the current code page (1252)
c:\users\phenix\desktop\gk\gk_05a\gk_05a\targetver.h(1267): warning C4566: character represented by universal-character-name '\u0142' cannot be represented in the current code page (1252)
c:\users\phenix\desktop\gk\gk_05a\gk_05a\targetver.h(1268): warning C4566: character represented by universal-character-name '\u015B' cannot be represented in the current code page (1252)
c:\users\phenix\desktop\gk\gk_05a\gk_05a\targetver.h(1268): warning C4566: character represented by universal-character-name '\u0119' cannot be represented in the current code page (1252)
c:\users\phenix\desktop\gk\gk_05a\gk_05a\targetver.h(1286): warning C4566: character represented by universal-character-name '\u0105' cannot be represented in the current code page (1252)
c:\users\phenix\desktop\gk\gk_05a\gk_05a\targetver.h(1303): warning C4566: character represented by universal-character-name '\u0142' cannot be represented in the current code page (1252)
  GK_05a.cpp
c:\users\phenix\desktop\gk\gk_05a\gk_05a\gk_05a.cpp(40): error C2084: function 'void gltAddVectors(const GLfloat [],const GLfloat [],GLfloat [])' already has a body
  c:\users\phenix\desktop\gk\gk_05a\gk_05a\targetver.h(40): note: see previous definition of 'gltAddVectors'
c:\users\phenix\desktop\gk\gk_05a\gk_05a\gk_05a.cpp(48): error C2084: function 'void gltSubtractVectors(const GLfloat [],const GLfloat [],GLfloat [])' already has a body
  c:\users\phenix\desktop\gk\gk_05a\gk_05a\targetver.h(47): note: see previous definition of 'gltSubtractVectors'
c:\users\phenix\desktop\gk\gk_05a\gk_05a\gk_05a.cpp(56): error C2084: function 'void gltScaleVector(GLfloat [],const GLfloat)' already has a body
  c:\users\phenix\desktop\gk\gk_05a\gk_05a\targetver.h(55): note: see previous definition of 'gltScaleVector'
c:\users\phenix\desktop\gk\gk_05a\gk_05a\gk_05a.cpp(62): error C2084: function 'GLfloat gltGetVectorLengthSqrd(const GLfloat [])' already has a body
  c:\users\phenix\desktop\gk\gk_05a\gk_05a\targetver.h(61): note: see previous definition of 'gltGetVectorLengthSqrd'
c:\users\phenix\desktop\gk\gk_05a\gk_05a\gk_05a.cpp(68): error C2084: function 'GLfloat gltGetVectorLength(const GLfloat [])' already has a body
  c:\users\phenix\desktop\gk\gk_05a\gk_05a\targetver.h(67): note: see previous definition of 'gltGetVectorLength'
c:\users\phenix\desktop\gk\gk_05a\gk_05a\gk_05a.cpp(74): error C2084: function 'void gltNormalizeVector(GLfloat [])' already has a body
  c:\users\phenix\desktop\gk\gk_05a\gk_05a\targetver.h(73): note: see previous definition of 'gltNormalizeVector'
c:\users\phenix\desktop\gk\gk_05a\gk_05a\gk_05a.cpp(75): error C2568: '/': unable to resolve function overload
  c:\users\phenix\desktop\gk\gk_05a\gk_05a\gk_05a.cpp(75): note: could be 'GLfloat gltGetVectorLength(const GLfloat [])'
c:\users\phenix\desktop\gk\gk_05a\gk_05a\gk_05a.cpp(81): error C2084: function 'void gltCopyVector(const GLfloat [],GLfloat [])' already has a body
  c:\users\phenix\desktop\gk\gk_05a\gk_05a\targetver.h(80): note: see previous definition of 'gltCopyVector'
c:\users\phenix\desktop\gk\gk_05a\gk_05a\gk_05a.cpp(87): error C2084: function 'GLfloat gltVectorDotProduct(const GLfloat [],const GLfloat [])' already has a body
  c:\users\phenix\desktop\gk\gk_05a\gk_05a\targetver.h(86): note: see previous definition of 'gltVectorDotProduct'
c:\users\phenix\desktop\gk\gk_05a\gk_05a\gk_05a.cpp(93): error C2084: function 'void gltVectorCrossProduct(const GLfloat [],const GLfloat [],GLfloat [])' already has a body
  c:\users\phenix\desktop\gk\gk_05a\gk_05a\targetver.h(92): note: see previous definition of 'gltVectorCrossProduct'
c:\users\phenix\desktop\gk\gk_05a\gk_05a\gk_05a.cpp(103): error C2084: function 'void gltGetNormalVector(const GLfloat [],const GLfloat [],const GLfloat [],GLfloat [])' already has a body
  c:\users\phenix\desktop\gk\gk_05a\gk_05a\targetver.h(102): note: see previous definition of 'gltGetNormalVector'
c:\users\phenix\desktop\gk\gk_05a\gk_05a\gk_05a.cpp(117): error C2084: function 'void gltTransformPoint(const GLfloat [],const GLfloat [],GLfloat [])' already has a body
  c:\users\phenix\desktop\gk\gk_05a\gk_05a\targetver.h(116): note: see previous definition of 'gltTransformPoint'
c:\users\phenix\desktop\gk\gk_05a\gk_05a\gk_05a.cpp(125): error C2084: function 'void gltRotateVector(const GLfloat [],const GLfloat [],GLfloat [])' already has a body
  c:\users\phenix\desktop\gk\gk_05a\gk_05a\targetver.h(124): note: see previous definition of 'gltRotateVector'
c:\users\phenix\desktop\gk\gk_05a\gk_05a\gk_05a.cpp(134): error C2084: function 'void gltGetPlaneEquation(GLfloat [],GLfloat [],GLfloat [],GLfloat [])' already has a body
  c:\users\phenix\desktop\gk\gk_05a\gk_05a\targetver.h(133): note: see previous definition of 'gltGetPlaneEquation'
c:\users\phenix\desktop\gk\gk_05a\gk_05a\gk_05a.cpp(146): error C2084: function 'GLfloat gltDistanceToPlane(GLfloat [],GLfloat [])' already has a body
  c:\users\phenix\desktop\gk\gk_05a\gk_05a\targetver.h(145): note: see previous definition of 'gltDistanceToPlane'
c:\users\phenix\desktop\gk\gk_05a\gk_05a\gk_05a.cpp(155): error C2374: 'glWindowPos2i': redefinition; multiple initialization
  c:\users\phenix\desktop\gk\gk_05a\gk_05a\targetver.h(155): note: see declaration of 'glWindowPos2i'
c:\users\phenix\desktop\gk\gk_05a\gk_05a\gk_05a.cpp(159): error C2374: 'rescale_normal': redefinition; multiple initialization
  c:\users\phenix\desktop\gk\gk_05a\gk_05a\targetver.h(159): note: see declaration of 'rescale_normal'
c:\users\phenix\desktop\gk\gk_05a\gk_05a\gk_05a.cpp(165): error C2365: 'BRASS': redefinition; previous definition was 'enumerator'
  c:\users\phenix\desktop\gk\gk_05a\gk_05a\targetver.h(165): note: see declaration of 'BRASS'
c:\users\phenix\desktop\gk\gk_05a\gk_05a\gk_05a.cpp(166): error C2365: 'BRONZE': redefinition; previous definition was 'enumerator'
  c:\users\phenix\desktop\gk\gk_05a\gk_05a\targetver.h(166): note: see declaration of 'BRONZE'
c:\users\phenix\desktop\gk\gk_05a\gk_05a\gk_05a.cpp(167): error C2365: 'POLISHED_BRONZE': redefinition; previous definition was 'enumerator'
  c:\users\phenix\desktop\gk\gk_05a\gk_05a\targetver.h(167): note: see declaration of 'POLISHED_BRONZE'
c:\users\phenix\desktop\gk\gk_05a\gk_05a\gk_05a.cpp(168): error C2365: 'CHROME': redefinition; previous definition was 'enumerator'
  c:\users\phenix\desktop\gk\gk_05a\gk_05a\targetver.h(168): note: see declaration of 'CHROME'
c:\users\phenix\desktop\gk\gk_05a\gk_05a\gk_05a.cpp(169): error C2365: 'COPPER': redefinition; previous definition was 'enumerator'
  c:\users\phenix\desktop\gk\gk_05a\gk_05a\targetver.h(169): note: see declaration of 'COPPER'
c:\users\phenix\desktop\gk\gk_05a\gk_05a\gk_05a.cpp(170): error C2365: 'POLISHED_COPPER': redefinition; previous definition was 'enumerator'
  c:\users\phenix\desktop\gk\gk_05a\gk_05a\targetver.h(170): note: see declaration of 'POLISHED_COPPER'
c:\users\phenix\desktop\gk\gk_05a\gk_05a\gk_05a.cpp(171): error C2365: 'GOLD': redefinition; previous definition was 'enumerator'
  c:\users\phenix\desktop\gk\gk_05a\gk_05a\targetver.h(171): note: see declaration of 'GOLD'
c:\users\phenix\desktop\gk\gk_05a\gk_05a\gk_05a.cpp(172): error C2365: 'POLISHED_GOLD': redefinition; previous definition was 'enumerator'
  c:\users\phenix\desktop\gk\gk_05a\gk_05a\targetver.h(172): note: see declaration of 'POLISHED_GOLD'
c:\users\phenix\desktop\gk\gk_05a\gk_05a\gk_05a.cpp(173): error C2365: 'PEWTER': redefinition; previous definition was 'enumerator'
  c:\users\phenix\desktop\gk\gk_05a\gk_05a\targetver.h(173): note: see declaration of 'PEWTER'
c:\users\phenix\desktop\gk\gk_05a\gk_05a\gk_05a.cpp(174): error C2365: 'SILVER': redefinition; previous definition was 'enumerator'
  c:\users\phenix\desktop\gk\gk_05a\gk_05a\targetver.h(174): note: see declaration of 'SILVER'
c:\users\phenix\desktop\gk\gk_05a\gk_05a\gk_05a.cpp(175): error C2365: 'POLISHED_SILVER': redefinition; previous definition was 'enumerator'
  c:\users\phenix\desktop\gk\gk_05a\gk_05a\targetver.h(175): note: see declaration of 'POLISHED_SILVER'
c:\users\phenix\desktop\gk\gk_05a\gk_05a\gk_05a.cpp(176): error C2365: 'EMERALD': redefinition; previous definition was 'enumerator'
  c:\users\phenix\desktop\gk\gk_05a\gk_05a\targetver.h(176): note: see declaration of 'EMERALD'
c:\users\phenix\desktop\gk\gk_05a\gk_05a\gk_05a.cpp(177): error C2365: 'JADE': redefinition; previous definition was 'enumerator'
  c:\users\phenix\desktop\gk\gk_05a\gk_05a\targetver.h(177): note: see declaration of 'JADE'
c:\users\phenix\desktop\gk\gk_05a\gk_05a\gk_05a.cpp(178): error C2365: 'OBSIDIAN': redefinition; previous definition was 'enumerator'
  c:\users\phenix\desktop\gk\gk_05a\gk_05a\targetver.h(178): note: see declaration of 'OBSIDIAN'
c:\users\phenix\desktop\gk\gk_05a\gk_05a\gk_05a.cpp(179): error C2365: 'PEARL': redefinition; previous definition was 'enumerator'
  c:\users\phenix\desktop\gk\gk_05a\gk_05a\targetver.h(179): note: see declaration of 'PEARL'
c:\users\phenix\desktop\gk\gk_05a\gk_05a\gk_05a.cpp(180): error C2365: 'RUBY': redefinition; previous definition was 'enumerator'
  c:\users\phenix\desktop\gk\gk_05a\gk_05a\targetver.h(180): note: see declaration of 'RUBY'
c:\users\phenix\desktop\gk\gk_05a\gk_05a\gk_05a.cpp(181): error C2365: 'TURQUOISE': redefinition; previous definition was 'enumerator'
  c:\users\phenix\desktop\gk\gk_05a\gk_05a\targetver.h(181): note: see declaration of 'TURQUOISE'
c:\users\phenix\desktop\gk\gk_05a\gk_05a\gk_05a.cpp(182): error C2365: 'BLACK_PLASTIC': redefinition; previous definition was 'enumerator'
  c:\users\phenix\desktop\gk\gk_05a\gk_05a\targetver.h(182): note: see declaration of 'BLACK_PLASTIC'
c:\users\phenix\desktop\gk\gk_05a\gk_05a\gk_05a.cpp(183): error C2365: 'BLACK_RUBBER': redefinition; previous definition was 'enumerator'
  c:\users\phenix\desktop\gk\gk_05a\gk_05a\targetver.h(183): note: see declaration of 'BLACK_RUBBER'
c:\users\phenix\desktop\gk\gk_05a\gk_05a\gk_05a.cpp(185): error C2365: 'KIERUNKOWE': redefinition; previous definition was 'enumerator'
  c:\users\phenix\desktop\gk\gk_05a\gk_05a\targetver.h(185): note: see declaration of 'KIERUNKOWE'
c:\users\phenix\desktop\gk\gk_05a\gk_05a\gk_05a.cpp(186): error C2365: 'OTACZAJĄCE': redefinition; previous definition was 'enumerator'
  c:\users\phenix\desktop\gk\gk_05a\gk_05a\targetver.h(186): note: see declaration of 'OTACZAJĄCE'
c:\users\phenix\desktop\gk\gk_05a\gk_05a\gk_05a.cpp(187): error C2365: 'REFLEKTOR': redefinition; previous definition was 'enumerator'
  c:\users\phenix\desktop\gk\gk_05a\gk_05a\targetver.h(187): note: see declaration of 'REFLEKTOR'
c:\users\phenix\desktop\gk\gk_05a\gk_05a\gk_05a.cpp(192): error C2365: 'NORMALS_SMOOTH': redefinition; previous definition was 'enumerator'
  c:\users\phenix\desktop\gk\gk_05a\gk_05a\targetver.h(192): note: see declaration of 'NORMALS_SMOOTH'
c:\users\phenix\desktop\gk\gk_05a\gk_05a\gk_05a.cpp(193): error C2365: 'NORMALS_FLAT': redefinition; previous definition was 'enumerator'
  c:\users\phenix\desktop\gk\gk_05a\gk_05a\targetver.h(193): note: see declaration of 'NORMALS_FLAT'
c:\users\phenix\desktop\gk\gk_05a\gk_05a\gk_05a.cpp(194): error C2365: 'FULL_WINDOW': redefinition; previous definition was 'enumerator'
  c:\users\phenix\desktop\gk\gk_05a\gk_05a\targetver.h(194): note: see declaration of 'FULL_WINDOW'
c:\users\phenix\desktop\gk\gk_05a\gk_05a\gk_05a.cpp(195): error C2365: 'ASPECT_1_1': redefinition; previous definition was 'enumerator'
  c:\users\phenix\desktop\gk\gk_05a\gk_05a\targetver.h(195): note: see declaration of 'ASPECT_1_1'
c:\users\phenix\desktop\gk\gk_05a\gk_05a\gk_05a.cpp(197): error C2365: 'EXIT': redefinition; previous definition was 'enumerator'
  c:\users\phenix\desktop\gk\gk_05a\gk_05a\targetver.h(196): note: see declaration of 'EXIT'
c:\users\phenix\desktop\gk\gk_05a\gk_05a\gk_05a.cpp(201): error C2374: 'aspect': redefinition; multiple initialization
  c:\users\phenix\desktop\gk\gk_05a\gk_05a\targetver.h(201): note: see declaration of 'aspect'
c:\users\phenix\desktop\gk\gk_05a\gk_05a\gk_05a.cpp(214): error C2374: 'left': redefinition; multiple initialization
  c:\users\phenix\desktop\gk\gk_05a\gk_05a\targetver.h(214): note: see declaration of 'left'
c:\users\phenix\desktop\gk\gk_05a\gk_05a\gk_05a.cpp(215): error C2374: 'right': redefinition; multiple initialization
  c:\users\phenix\desktop\gk\gk_05a\gk_05a\targetver.h(215): note: see declaration of 'right'
c:\users\phenix\desktop\gk\gk_05a\gk_05a\gk_05a.cpp(216): error C2374: 'bottom': redefinition; multiple initialization
  c:\users\phenix\desktop\gk\gk_05a\gk_05a\targetver.h(216): note: see declaration of 'bottom'
c:\users\phenix\desktop\gk\gk_05a\gk_05a\gk_05a.cpp(217): error C2374: 'top': redefinition; multiple initialization
  c:\users\phenix\desktop\gk\gk_05a\gk_05a\targetver.h(217): note: see declaration of 'top'
c:\users\phenix\desktop\gk\gk_05a\gk_05a\gk_05a.cpp(218): error C2374: 'near': redefinition; multiple initialization
  c:\users\phenix\desktop\gk\gk_05a\gk_05a\targetver.h(218): note: see declaration of 'near'
c:\users\phenix\desktop\gk\gk_05a\gk_05a\gk_05a.cpp(219): error C2374: 'far': redefinition; multiple initialization
  c:\users\phenix\desktop\gk\gk_05a\gk_05a\targetver.h(219): note: see declaration of 'far'
c:\users\phenix\desktop\gk\gk_05a\gk_05a\gk_05a.cpp(223): error C2374: 'rotatex': redefinition; multiple initialization
  c:\users\phenix\desktop\gk\gk_05a\gk_05a\targetver.h(223): note: see declaration of 'rotatex'
c:\users\phenix\desktop\gk\gk_05a\gk_05a\gk_05a.cpp(224): error C2374: 'rotatey': redefinition; multiple initialization
  c:\users\phenix\desktop\gk\gk_05a\gk_05a\targetver.h(224): note: see declaration of 'rotatey'
c:\users\phenix\desktop\gk\gk_05a\gk_05a\gk_05a.cpp(228): error C2374: 'button_state': redefinition; multiple initialization
  c:\users\phenix\desktop\gk\gk_05a\gk_05a\targetver.h(228): note: see declaration of 'button_state'
c:\users\phenix\desktop\gk\gk_05a\gk_05a\gk_05a.cpp(232): error C2086: 'int button_x': redefinition
  c:\users\phenix\desktop\gk\gk_05a\gk_05a\targetver.h(232): note: see declaration of 'button_x'
c:\users\phenix\desktop\gk\gk_05a\gk_05a\gk_05a.cpp(232): error C2086: 'int button_y': redefinition
  c:\users\phenix\desktop\gk\gk_05a\gk_05a\targetver.h(232): note: see declaration of 'button_y'
c:\users\phenix\desktop\gk\gk_05a\gk_05a\gk_05a.cpp(236): error C2374: 'scale': redefinition; multiple initialization
  c:\users\phenix\desktop\gk\gk_05a\gk_05a\targetver.h(236): note: see declaration of 'scale'
c:\users\phenix\desktop\gk\gk_05a\gk_05a\gk_05a.cpp(241): error C2374: 'ambient': redefinition; multiple initialization
  c:\users\phenix\desktop\gk\gk_05a\gk_05a\targetver.h(241): note: see declaration of 'ambient'
c:\users\phenix\desktop\gk\gk_05a\gk_05a\gk_05a.cpp(242): error C2374: 'diffuse': redefinition; multiple initialization
  c:\users\phenix\desktop\gk\gk_05a\gk_05a\targetver.h(242): note: see declaration of 'diffuse'
c:\users\phenix\desktop\gk\gk_05a\gk_05a\gk_05a.cpp(243): error C2374: 'specular': redefinition; multiple initialization
  c:\users\phenix\desktop\gk\gk_05a\gk_05a\targetver.h(243): note: see declaration of 'specular'
c:\users\phenix\desktop\gk\gk_05a\gk_05a\gk_05a.cpp(244): error C2374: 'shininess': redefinition; multiple initialization
  c:\users\phenix\desktop\gk\gk_05a\gk_05a\targetver.h(244): note: see declaration of 'shininess'
c:\users\phenix\desktop\gk\gk_05a\gk_05a\gk_05a.cpp(250): error C2374: 'light_position': redefinition; multiple initialization
  c:\users\phenix\desktop\gk\gk_05a\gk_05a\targetver.h(250): note: see declaration of 'light_position'
c:\users\phenix\desktop\gk\gk_05a\gk_05a\gk_05a.cpp(255): error C2374: 'ambient_light': redefinition; multiple initialization
  c:\users\phenix\desktop\gk\gk_05a\gk_05a\targetver.h(255): note: see declaration of 'ambient_light'
c:\users\phenix\desktop\gk\gk_05a\gk_05a\gk_05a.cpp(258): warning C4838: conversion from 'double' to 'GLfloat' requires a narrowing conversion
c:\users\phenix\desktop\gk\gk_05a\gk_05a\gk_05a.cpp(258): warning C4305: 'initializing': truncation from 'double' to 'GLfloat'
c:\users\phenix\desktop\gk\gk_05a\gk_05a\gk_05a.cpp(262): error C2374: 'light_rotatex': redefinition; multiple initialization
  c:\users\phenix\desktop\gk\gk_05a\gk_05a\targetver.h(262): note: see declaration of 'light_rotatex'
c:\users\phenix\desktop\gk\gk_05a\gk_05a\gk_05a.cpp(263): error C2374: 'light_rotatey': redefinition; multiple initialization
  c:\users\phenix\desktop\gk\gk_05a\gk_05a\targetver.h(263): note: see declaration of 'light_rotatey'
c:\users\phenix\desktop\gk\gk_05a\gk_05a\gk_05a.cpp(269): error C2374: 'spot_direction': redefinition; multiple initialization
  c:\users\phenix\desktop\gk\gk_05a\gk_05a\targetver.h(269): note: see declaration of 'spot_direction'
c:\users\phenix\desktop\gk\gk_05a\gk_05a\gk_05a.cpp(276): error C2374: 'spot_cutoff': redefinition; multiple initialization
  c:\users\phenix\desktop\gk\gk_05a\gk_05a\targetver.h(276): note: see declaration of 'spot_cutoff'
c:\users\phenix\desktop\gk\gk_05a\gk_05a\gk_05a.cpp(280): error C2374: 'spot_exponent': redefinition; multiple initialization
  c:\users\phenix\desktop\gk\gk_05a\gk_05a\targetver.h(280): note: see declaration of 'spot_exponent'
c:\users\phenix\desktop\gk\gk_05a\gk_05a\gk_05a.cpp(284): error C2374: 'constant_attenuation': redefinition; multiple initialization
  c:\users\phenix\desktop\gk\gk_05a\gk_05a\targetver.h(284): note: see declaration of 'constant_attenuation'
c:\users\phenix\desktop\gk\gk_05a\gk_05a\gk_05a.cpp(288): error C2374: 'linear_attenuation': redefinition; multiple initialization
  c:\users\phenix\desktop\gk\gk_05a\gk_05a\targetver.h(288): note: see declaration of 'linear_attenuation'
c:\users\phenix\desktop\gk\gk_05a\gk_05a\gk_05a.cpp(292): error C2374: 'quadratic_attenuation': redefinition; multiple initialization
  c:\users\phenix\desktop\gk\gk_05a\gk_05a\targetver.h(292): note: see declaration of 'quadratic_attenuation'
c:\users\phenix\desktop\gk\gk_05a\gk_05a\gk_05a.cpp(296): error C2374: 'xRot': redefinition; multiple initialization
  c:\users\phenix\desktop\gk\gk_05a\gk_05a\targetver.h(296): note: see declaration of 'xRot'
c:\users\phenix\desktop\gk\gk_05a\gk_05a\gk_05a.cpp(297): error C2374: 'yRot': redefinition; multiple initialization
  c:\users\phenix\desktop\gk\gk_05a\gk_05a\targetver.h(297): note: see declaration of 'yRot'
c:\users\phenix\desktop\gk\gk_05a\gk_05a\gk_05a.cpp(303): error C2374: 'normals': redefinition; multiple initialization
  c:\users\phenix\desktop\gk\gk_05a\gk_05a\targetver.h(303): note: see declaration of 'normals'
c:\users\phenix\desktop\gk\gk_05a\gk_05a\gk_05a.cpp(307): error C2374: 'vertex': redefinition; multiple initialization
  c:\users\phenix\desktop\gk\gk_05a\gk_05a\targetver.h(307): note: see declaration of 'vertex'
c:\users\phenix\desktop\gk\gk_05a\gk_05a\gk_05a.cpp(321): warning C4838: conversion from 'double' to 'GLfloat' requires a narrowing conversion
c:\users\phenix\desktop\gk\gk_05a\gk_05a\gk_05a.cpp(321): warning C4305: 'initializing': truncation from 'double' to 'GLfloat'
c:\users\phenix\desktop\gk\gk_05a\gk_05a\gk_05a.cpp(325): error C2374: 'triangles': redefinition; multiple initialization
  c:\users\phenix\desktop\gk\gk_05a\gk_05a\targetver.h(325): note: see declaration of 'triangles'
c:\users\phenix\desktop\gk\gk_05a\gk_05a\gk_05a.cpp(352): error C2084: function 'void Normal(GLfloat *,int)' already has a body
  c:\users\phenix\desktop\gk\gk_05a\gk_05a\targetver.h(351): note: see previous definition of 'Normal'
c:\users\phenix\desktop\gk\gk_05a\gk_05a\gk_05a.cpp(372): error C2084: function 'void Normalize(GLfloat *)' already has a body
  c:\users\phenix\desktop\gk\gk_05a\gk_05a\targetver.h(371): note: see previous definition of 'Normalize'
c:\users\phenix\desktop\gk\gk_05a\gk_05a\gk_05a.cpp(374): warning C4244: 'initializing': conversion from 'double' to 'GLfloat', possible loss of data
c:\users\phenix\desktop\gk\gk_05a\gk_05a\gk_05a.cpp(385): error C2374: 'light': redefinition; multiple initialization
  c:\users\phenix\desktop\gk\gk_05a\gk_05a\targetver.h(385): note: see declaration of 'light'
c:\users\phenix\desktop\gk\gk_05a\gk_05a\gk_05a.cpp(389): error C2084: function 'void Display(void)' already has a body
  c:\users\phenix\desktop\gk\gk_05a\gk_05a\targetver.h(388): note: see previous definition of 'Display'
c:\users\phenix\desktop\gk\gk_05a\gk_05a\gk_05a.cpp(604): warning C4244: '=': conversion from 'double' to 'GLfloat', possible loss of data
c:\users\phenix\desktop\gk\gk_05a\gk_05a\gk_05a.cpp(605): warning C4244: '=': conversion from 'double' to 'GLfloat', possible loss of data
c:\users\phenix\desktop\gk\gk_05a\gk_05a\gk_05a.cpp(709): warning C4244: '=': conversion from 'double' to 'GLfloat', possible loss of data
c:\users\phenix\desktop\gk\gk_05a\gk_05a\gk_05a.cpp(710): warning C4244: '=': conversion from 'double' to 'GLfloat', possible loss of data
c:\users\phenix\desktop\gk\gk_05a\gk_05a\gk_05a.cpp(818): error C2084: function 'void Reshape(int,int)' already has a body
  c:\users\phenix\desktop\gk\gk_05a\gk_05a\targetver.h(817): note: see previous definition of 'Reshape'
c:\users\phenix\desktop\gk\gk_05a\gk_05a\gk_05a.cpp(850): error C2084: function 'void Keyboard(unsigned char,int,int)' already has a body
  c:\users\phenix\desktop\gk\gk_05a\gk_05a\targetver.h(849): note: see previous definition of 'Keyboard'
c:\users\phenix\desktop\gk\gk_05a\gk_05a\gk_05a.cpp(853): warning C4305: '+=': truncation from 'double' to 'GLfloat'
c:\users\phenix\desktop\gk\gk_05a\gk_05a\gk_05a.cpp(858): warning C4305: '-=': truncation from 'double' to 'GLfloat'
c:\users\phenix\desktop\gk\gk_05a\gk_05a\gk_05a.cpp(867): error C2084: function 'void SpecialKeys(int,int,int)' already has a body
  c:\users\phenix\desktop\gk\gk_05a\gk_05a\targetver.h(866): note: see previous definition of 'SpecialKeys'
c:\users\phenix\desktop\gk\gk_05a\gk_05a\gk_05a.cpp(898): error C2084: function 'void MouseButton(int,int,int,int)' already has a body
  c:\users\phenix\desktop\gk\gk_05a\gk_05a\targetver.h(897): note: see previous definition of 'MouseButton'
c:\users\phenix\desktop\gk\gk_05a\gk_05a\gk_05a.cpp(916): error C2084: function 'void MouseMotion(int,int)' already has a body
  c:\users\phenix\desktop\gk\gk_05a\gk_05a\targetver.h(915): note: see previous definition of 'MouseMotion'
c:\users\phenix\desktop\gk\gk_05a\gk_05a\gk_05a.cpp(919): warning C4244: '+=': conversion from 'double' to 'GLfloat', possible loss of data
c:\users\phenix\desktop\gk\gk_05a\gk_05a\gk_05a.cpp(921): warning C4244: '-=': conversion from 'double' to 'GLfloat', possible loss of data
c:\users\phenix\desktop\gk\gk_05a\gk_05a\gk_05a.cpp(930): error C2084: function 'void Menu(int)' already has a body
  c:\users\phenix\desktop\gk\gk_05a\gk_05a\targetver.h(929): note: see previous definition of 'Menu'
c:\users\phenix\desktop\gk\gk_05a\gk_05a\gk_05a.cpp(1151): error C2084: function 'void ExtensionSetup(void)' already has a body
  c:\users\phenix\desktop\gk\gk_05a\gk_05a\targetver.h(1150): note: see previous definition of 'ExtensionSetup'
c:\users\phenix\desktop\gk\gk_05a\gk_05a\gk_05a.cpp(1179): error C2084: function 'int main(int,char *[])' already has a body
  c:\users\phenix\desktop\gk\gk_05a\gk_05a\targetver.h(1178): note: see previous definition of 'main'
c:\users\phenix\desktop\gk\gk_05a\gk_05a\gk_05a.cpp(1217): warning C4566: character represented by universal-character-name '\u0105' cannot be represented in the current code page (1252)
c:\users\phenix\desktop\gk\gk_05a\gk_05a\gk_05a.cpp(1218): warning C4566: character represented by universal-character-name '\u0105' cannot be represented in the current code page (1252)
c:\users\phenix\desktop\gk\gk_05a\gk_05a\gk_05a.cpp(1219): warning C4566: character represented by universal-character-name '\u0105' cannot be represented in the current code page (1252)
c:\users\phenix\desktop\gk\gk_05a\gk_05a\gk_05a.cpp(1221): warning C4566: character represented by universal-character-name '\u017A' cannot be represented in the current code page (1252)
c:\users\phenix\desktop\gk\gk_05a\gk_05a\gk_05a.cpp(1222): warning C4566: character represented by universal-character-name '\u017A' cannot be represented in the current code page (1252)
c:\users\phenix\desktop\gk\gk_05a\gk_05a\gk_05a.cpp(1223): warning C4566: character represented by universal-character-name '\u0142' cannot be represented in the current code page (1252)
c:\users\phenix\desktop\gk\gk_05a\gk_05a\gk_05a.cpp(1224): warning C4566: character represented by universal-character-name '\u0142' cannot be represented in the current code page (1252)
c:\users\phenix\desktop\gk\gk_05a\gk_05a\gk_05a.cpp(1225): warning C4566: character represented by universal-character-name '\u0142' cannot be represented in the current code page (1252)
c:\users\phenix\desktop\gk\gk_05a\gk_05a\gk_05a.cpp(1231): warning C4566: character represented by universal-character-name '\u0142' cannot be represented in the current code page (1252)
c:\users\phenix\desktop\gk\gk_05a\gk_05a\gk_05a.cpp(1267): warning C4566: character represented by universal-character-name '\u0142' cannot be represented in the current code page (1252)
c:\users\phenix\desktop\gk\gk_05a\gk_05a\gk_05a.cpp(1268): warning C4566: character represented by universal-character-name '\u015B' cannot be represented in the current code page (1252)
c:\users\phenix\desktop\gk\gk_05a\gk_05a\gk_05a.cpp(1268): warning C4566: character represented by universal-character-name '\u0119' cannot be represented in the current code page (1252)
c:\users\phenix\desktop\gk\gk_05a\gk_05a\gk_05a.cpp(1286): warning C4566: character represented by universal-character-name '\u0105' cannot be represented in the current code page (1252)
c:\users\phenix\desktop\gk\gk_05a\gk_05a\gk_05a.cpp(1303): warning C4566: character represented by universal-character-name '\u0142' cannot be represented in the current code page (1252)
