  GK_04a.cpp
c:\users\phenix\desktop\gk\colors.h(20): warning C4838: conversion from 'double' to 'const GLfloat' requires a narrowing conversion
c:\users\phenix\desktop\gk\colors.h(20): warning C4305: 'initializing': truncation from 'double' to 'const GLfloat'
c:\users\phenix\desktop\gk\colors.h(25): warning C4838: conversion from 'double' to 'const GLfloat' requires a narrowing conversion
c:\users\phenix\desktop\gk\colors.h(25): warning C4305: 'initializing': truncation from 'double' to 'const GLfloat'
c:\users\phenix\desktop\gk\colors.h(35): warning C4838: conversion from 'double' to 'const GLfloat' requires a narrowing conversion
c:\users\phenix\desktop\gk\colors.h(35): warning C4305: 'initializing': truncation from 'double' to 'const GLfloat'
c:\users\phenix\desktop\gk\colors.h(42): warning C4838: conversion from 'double' to 'const GLfloat' requires a narrowing conversion
c:\users\phenix\desktop\gk\colors.h(42): warning C4305: 'initializing': truncation from 'double' to 'const GLfloat'
c:\users\phenix\desktop\gk\colors.h(49): warning C4838: conversion from 'double' to 'const GLfloat' requires a narrowing conversion
c:\users\phenix\desktop\gk\colors.h(49): warning C4305: 'initializing': truncation from 'double' to 'const GLfloat'
c:\users\phenix\desktop\gk\colors.h(54): warning C4838: conversion from 'double' to 'const GLfloat' requires a narrowing conversion
c:\users\phenix\desktop\gk\colors.h(54): warning C4305: 'initializing': truncation from 'double' to 'const GLfloat'
c:\users\phenix\desktop\gk\colors.h(66): warning C4838: conversion from 'double' to 'const GLfloat' requires a narrowing conversion
c:\users\phenix\desktop\gk\colors.h(66): warning C4305: 'initializing': truncation from 'double' to 'const GLfloat'
c:\users\phenix\desktop\gk\colors.h(80): warning C4838: conversion from 'double' to 'const GLfloat' requires a narrowing conversion
c:\users\phenix\desktop\gk\colors.h(80): warning C4305: 'initializing': truncation from 'double' to 'const GLfloat'
c:\users\phenix\desktop\gk\colors.h(87): warning C4838: conversion from 'double' to 'const GLfloat' requires a narrowing conversion
c:\users\phenix\desktop\gk\colors.h(87): warning C4305: 'initializing': truncation from 'double' to 'const GLfloat'
c:\users\phenix\desktop\gk\colors.h(92): warning C4838: conversion from 'double' to 'const GLfloat' requires a narrowing conversion
c:\users\phenix\desktop\gk\colors.h(92): warning C4305: 'initializing': truncation from 'double' to 'const GLfloat'
c:\users\phenix\desktop\gk\colors.h(97): warning C4838: conversion from 'double' to 'const GLfloat' requires a narrowing conversion
c:\users\phenix\desktop\gk\colors.h(97): warning C4305: 'initializing': truncation from 'double' to 'const GLfloat'
c:\users\phenix\desktop\gk\colors.h(102): warning C4838: conversion from 'double' to 'const GLfloat' requires a narrowing conversion
c:\users\phenix\desktop\gk\colors.h(102): warning C4305: 'initializing': truncation from 'double' to 'const GLfloat'
c:\users\phenix\desktop\gk\colors.h(109): warning C4838: conversion from 'double' to 'const GLfloat' requires a narrowing conversion
c:\users\phenix\desktop\gk\colors.h(109): warning C4305: 'initializing': truncation from 'double' to 'const GLfloat'
c:\users\phenix\desktop\gk\colors.h(116): warning C4838: conversion from 'double' to 'const GLfloat' requires a narrowing conversion
c:\users\phenix\desktop\gk\colors.h(116): warning C4305: 'initializing': truncation from 'double' to 'const GLfloat'
c:\users\phenix\desktop\gk\colors.h(121): warning C4838: conversion from 'double' to 'const GLfloat' requires a narrowing conversion
c:\users\phenix\desktop\gk\colors.h(121): warning C4305: 'initializing': truncation from 'double' to 'const GLfloat'
c:\users\phenix\desktop\gk\colors.h(126): warning C4838: conversion from 'double' to 'const GLfloat' requires a narrowing conversion
c:\users\phenix\desktop\gk\colors.h(126): warning C4305: 'initializing': truncation from 'double' to 'const GLfloat'
c:\users\phenix\desktop\gk\colors.h(133): warning C4838: conversion from 'double' to 'const GLfloat' requires a narrowing conversion
c:\users\phenix\desktop\gk\colors.h(133): warning C4305: 'initializing': truncation from 'double' to 'const GLfloat'
c:\users\phenix\desktop\gk\colors.h(147): warning C4838: conversion from 'double' to 'const GLfloat' requires a narrowing conversion
c:\users\phenix\desktop\gk\colors.h(147): warning C4305: 'initializing': truncation from 'double' to 'const GLfloat'
c:\users\phenix\desktop\gk\colors.h(154): warning C4838: conversion from 'double' to 'const GLfloat' requires a narrowing conversion
c:\users\phenix\desktop\gk\colors.h(154): warning C4305: 'initializing': truncation from 'double' to 'const GLfloat'
c:\users\phenix\desktop\gk\colors.h(159): warning C4838: conversion from 'double' to 'const GLfloat' requires a narrowing conversion
c:\users\phenix\desktop\gk\colors.h(159): warning C4305: 'initializing': truncation from 'double' to 'const GLfloat'
c:\users\phenix\desktop\gk\colors.h(166): warning C4838: conversion from 'double' to 'const GLfloat' requires a narrowing conversion
c:\users\phenix\desktop\gk\colors.h(166): warning C4305: 'initializing': truncation from 'double' to 'const GLfloat'
c:\users\phenix\desktop\gk\colors.h(173): warning C4838: conversion from 'double' to 'const GLfloat' requires a narrowing conversion
c:\users\phenix\desktop\gk\colors.h(173): warning C4305: 'initializing': truncation from 'double' to 'const GLfloat'
c:\users\phenix\desktop\gk\colors.h(180): warning C4838: conversion from 'double' to 'const GLfloat' requires a narrowing conversion
c:\users\phenix\desktop\gk\colors.h(180): warning C4305: 'initializing': truncation from 'double' to 'const GLfloat'
c:\users\phenix\desktop\gk\colors.h(187): warning C4838: conversion from 'double' to 'const GLfloat' requires a narrowing conversion
c:\users\phenix\desktop\gk\colors.h(187): warning C4305: 'initializing': truncation from 'double' to 'const GLfloat'
c:\users\phenix\desktop\gk\colors.h(192): warning C4838: conversion from 'double' to 'const GLfloat' requires a narrowing conversion
c:\users\phenix\desktop\gk\colors.h(192): warning C4305: 'initializing': truncation from 'double' to 'const GLfloat'
c:\users\phenix\desktop\gk\colors.h(199): warning C4838: conversion from 'double' to 'const GLfloat' requires a narrowing conversion
c:\users\phenix\desktop\gk\colors.h(199): warning C4305: 'initializing': truncation from 'double' to 'const GLfloat'
c:\users\phenix\desktop\gk\colors.h(204): warning C4838: conversion from 'double' to 'const GLfloat' requires a narrowing conversion
c:\users\phenix\desktop\gk\colors.h(204): warning C4305: 'initializing': truncation from 'double' to 'const GLfloat'
c:\users\phenix\desktop\gk\colors.h(211): warning C4838: conversion from 'double' to 'const GLfloat' requires a narrowing conversion
c:\users\phenix\desktop\gk\colors.h(211): warning C4305: 'initializing': truncation from 'double' to 'const GLfloat'
c:\users\phenix\desktop\gk\colors.h(216): warning C4838: conversion from 'double' to 'const GLfloat' requires a narrowing conversion
c:\users\phenix\desktop\gk\colors.h(216): warning C4305: 'initializing': truncation from 'double' to 'const GLfloat'
c:\users\phenix\desktop\gk\colors.h(221): warning C4838: conversion from 'double' to 'const GLfloat' requires a narrowing conversion
c:\users\phenix\desktop\gk\colors.h(221): warning C4305: 'initializing': truncation from 'double' to 'const GLfloat'
c:\users\phenix\desktop\gk\colors.h(226): warning C4838: conversion from 'double' to 'const GLfloat' requires a narrowing conversion
c:\users\phenix\desktop\gk\colors.h(226): warning C4305: 'initializing': truncation from 'double' to 'const GLfloat'
c:\users\phenix\desktop\gk\colors.h(231): warning C4838: conversion from 'double' to 'const GLfloat' requires a narrowing conversion
c:\users\phenix\desktop\gk\colors.h(231): warning C4305: 'initializing': truncation from 'double' to 'const GLfloat'
c:\users\phenix\desktop\gk\colors.h(236): warning C4838: conversion from 'double' to 'const GLfloat' requires a narrowing conversion
c:\users\phenix\desktop\gk\colors.h(236): warning C4305: 'initializing': truncation from 'double' to 'const GLfloat'
c:\users\phenix\desktop\gk\colors.h(243): warning C4838: conversion from 'double' to 'const GLfloat' requires a narrowing conversion
c:\users\phenix\desktop\gk\colors.h(243): warning C4305: 'initializing': truncation from 'double' to 'const GLfloat'
c:\users\phenix\desktop\gk\colors.h(248): warning C4838: conversion from 'double' to 'const GLfloat' requires a narrowing conversion
c:\users\phenix\desktop\gk\colors.h(248): warning C4305: 'initializing': truncation from 'double' to 'const GLfloat'
c:\users\phenix\desktop\gk\colors.h(253): warning C4838: conversion from 'double' to 'const GLfloat' requires a narrowing conversion
c:\users\phenix\desktop\gk\colors.h(253): warning C4305: 'initializing': truncation from 'double' to 'const GLfloat'
c:\users\phenix\desktop\gk\colors.h(258): warning C4838: conversion from 'double' to 'const GLfloat' requires a narrowing conversion
c:\users\phenix\desktop\gk\colors.h(258): warning C4305: 'initializing': truncation from 'double' to 'const GLfloat'
c:\users\phenix\desktop\gk\colors.h(263): warning C4838: conversion from 'double' to 'const GLfloat' requires a narrowing conversion
c:\users\phenix\desktop\gk\colors.h(263): warning C4305: 'initializing': truncation from 'double' to 'const GLfloat'
c:\users\phenix\desktop\gk\colors.h(268): warning C4838: conversion from 'double' to 'const GLfloat' requires a narrowing conversion
c:\users\phenix\desktop\gk\colors.h(268): warning C4305: 'initializing': truncation from 'double' to 'const GLfloat'
c:\users\phenix\desktop\gk\colors.h(273): warning C4838: conversion from 'double' to 'const GLfloat' requires a narrowing conversion
c:\users\phenix\desktop\gk\colors.h(273): warning C4305: 'initializing': truncation from 'double' to 'const GLfloat'
c:\users\phenix\desktop\gk\colors.h(278): warning C4838: conversion from 'double' to 'const GLfloat' requires a narrowing conversion
c:\users\phenix\desktop\gk\colors.h(278): warning C4305: 'initializing': truncation from 'double' to 'const GLfloat'
c:\users\phenix\desktop\gk\colors.h(290): warning C4838: conversion from 'double' to 'const GLfloat' requires a narrowing conversion
c:\users\phenix\desktop\gk\colors.h(290): warning C4305: 'initializing': truncation from 'double' to 'const GLfloat'
c:\users\phenix\desktop\gk\colors.h(295): warning C4838: conversion from 'double' to 'const GLfloat' requires a narrowing conversion
c:\users\phenix\desktop\gk\colors.h(295): warning C4305: 'initializing': truncation from 'double' to 'const GLfloat'
c:\users\phenix\desktop\gk\colors.h(302): warning C4838: conversion from 'double' to 'const GLfloat' requires a narrowing conversion
c:\users\phenix\desktop\gk\colors.h(302): warning C4305: 'initializing': truncation from 'double' to 'const GLfloat'
c:\users\phenix\desktop\gk\colors.h(307): warning C4838: conversion from 'double' to 'const GLfloat' requires a narrowing conversion
c:\users\phenix\desktop\gk\colors.h(307): warning C4305: 'initializing': truncation from 'double' to 'const GLfloat'
c:\users\phenix\desktop\gk\colors.h(314): warning C4838: conversion from 'double' to 'const GLfloat' requires a narrowing conversion
c:\users\phenix\desktop\gk\colors.h(314): warning C4305: 'initializing': truncation from 'double' to 'const GLfloat'
c:\users\phenix\desktop\gk\colors.h(321): warning C4838: conversion from 'double' to 'const GLfloat' requires a narrowing conversion
c:\users\phenix\desktop\gk\colors.h(321): warning C4305: 'initializing': truncation from 'double' to 'const GLfloat'
c:\users\phenix\desktop\gk\colors.h(328): warning C4838: conversion from 'double' to 'const GLfloat' requires a narrowing conversion
c:\users\phenix\desktop\gk\colors.h(328): warning C4305: 'initializing': truncation from 'double' to 'const GLfloat'
c:\users\phenix\desktop\gk\colors.h(335): warning C4838: conversion from 'double' to 'const GLfloat' requires a narrowing conversion
c:\users\phenix\desktop\gk\colors.h(335): warning C4305: 'initializing': truncation from 'double' to 'const GLfloat'
c:\users\phenix\desktop\gk\colors.h(342): warning C4838: conversion from 'double' to 'const GLfloat' requires a narrowing conversion
c:\users\phenix\desktop\gk\colors.h(342): warning C4305: 'initializing': truncation from 'double' to 'const GLfloat'
c:\users\phenix\desktop\gk\colors.h(347): warning C4838: conversion from 'double' to 'const GLfloat' requires a narrowing conversion
c:\users\phenix\desktop\gk\colors.h(347): warning C4305: 'initializing': truncation from 'double' to 'const GLfloat'
c:\users\phenix\desktop\gk\colors.h(354): warning C4838: conversion from 'double' to 'const GLfloat' requires a narrowing conversion
c:\users\phenix\desktop\gk\colors.h(354): warning C4305: 'initializing': truncation from 'double' to 'const GLfloat'
c:\users\phenix\desktop\gk\colors.h(361): warning C4838: conversion from 'double' to 'const GLfloat' requires a narrowing conversion
c:\users\phenix\desktop\gk\colors.h(361): warning C4305: 'initializing': truncation from 'double' to 'const GLfloat'
c:\users\phenix\desktop\gk\colors.h(368): warning C4838: conversion from 'double' to 'const GLfloat' requires a narrowing conversion
c:\users\phenix\desktop\gk\colors.h(368): warning C4305: 'initializing': truncation from 'double' to 'const GLfloat'
c:\users\phenix\desktop\gk\colors.h(375): warning C4838: conversion from 'double' to 'const GLfloat' requires a narrowing conversion
c:\users\phenix\desktop\gk\colors.h(375): warning C4305: 'initializing': truncation from 'double' to 'const GLfloat'
c:\users\phenix\desktop\gk\colors.h(380): warning C4838: conversion from 'double' to 'const GLfloat' requires a narrowing conversion
c:\users\phenix\desktop\gk\colors.h(380): warning C4305: 'initializing': truncation from 'double' to 'const GLfloat'
c:\users\phenix\desktop\gk\colors.h(385): warning C4838: conversion from 'double' to 'const GLfloat' requires a narrowing conversion
c:\users\phenix\desktop\gk\colors.h(385): warning C4305: 'initializing': truncation from 'double' to 'const GLfloat'
c:\users\phenix\desktop\gk\colors.h(390): warning C4838: conversion from 'double' to 'const GLfloat' requires a narrowing conversion
c:\users\phenix\desktop\gk\colors.h(390): warning C4305: 'initializing': truncation from 'double' to 'const GLfloat'
c:\users\phenix\desktop\gk\colors.h(395): warning C4838: conversion from 'double' to 'const GLfloat' requires a narrowing conversion
c:\users\phenix\desktop\gk\colors.h(395): warning C4305: 'initializing': truncation from 'double' to 'const GLfloat'
c:\users\phenix\desktop\gk\colors.h(400): warning C4838: conversion from 'double' to 'const GLfloat' requires a narrowing conversion
c:\users\phenix\desktop\gk\colors.h(400): warning C4305: 'initializing': truncation from 'double' to 'const GLfloat'
c:\users\phenix\desktop\gk\colors.h(405): warning C4838: conversion from 'double' to 'const GLfloat' requires a narrowing conversion
c:\users\phenix\desktop\gk\colors.h(405): warning C4305: 'initializing': truncation from 'double' to 'const GLfloat'
c:\users\phenix\desktop\gk\colors.h(410): warning C4838: conversion from 'double' to 'const GLfloat' requires a narrowing conversion
c:\users\phenix\desktop\gk\colors.h(410): warning C4305: 'initializing': truncation from 'double' to 'const GLfloat'
c:\users\phenix\desktop\gk\colors.h(415): warning C4838: conversion from 'double' to 'const GLfloat' requires a narrowing conversion
c:\users\phenix\desktop\gk\colors.h(415): warning C4305: 'initializing': truncation from 'double' to 'const GLfloat'
c:\users\phenix\desktop\gk\colors.h(420): warning C4838: conversion from 'double' to 'const GLfloat' requires a narrowing conversion
c:\users\phenix\desktop\gk\colors.h(420): warning C4305: 'initializing': truncation from 'double' to 'const GLfloat'
c:\users\phenix\desktop\gk\colors.h(425): warning C4838: conversion from 'double' to 'const GLfloat' requires a narrowing conversion
c:\users\phenix\desktop\gk\colors.h(425): warning C4305: 'initializing': truncation from 'double' to 'const GLfloat'
c:\users\phenix\desktop\gk\colors.h(430): warning C4838: conversion from 'double' to 'const GLfloat' requires a narrowing conversion
c:\users\phenix\desktop\gk\colors.h(430): warning C4305: 'initializing': truncation from 'double' to 'const GLfloat'
c:\users\phenix\desktop\gk\colors.h(435): warning C4838: conversion from 'double' to 'const GLfloat' requires a narrowing conversion
c:\users\phenix\desktop\gk\colors.h(435): warning C4305: 'initializing': truncation from 'double' to 'const GLfloat'
c:\users\phenix\desktop\gk\colors.h(440): warning C4838: conversion from 'double' to 'const GLfloat' requires a narrowing conversion
c:\users\phenix\desktop\gk\colors.h(440): warning C4305: 'initializing': truncation from 'double' to 'const GLfloat'
c:\users\phenix\desktop\gk\colors.h(445): warning C4838: conversion from 'double' to 'const GLfloat' requires a narrowing conversion
c:\users\phenix\desktop\gk\colors.h(445): warning C4305: 'initializing': truncation from 'double' to 'const GLfloat'
c:\users\phenix\desktop\gk\colors.h(450): warning C4838: conversion from 'double' to 'const GLfloat' requires a narrowing conversion
c:\users\phenix\desktop\gk\colors.h(450): warning C4305: 'initializing': truncation from 'double' to 'const GLfloat'
c:\users\phenix\desktop\gk\colors.h(455): warning C4838: conversion from 'double' to 'const GLfloat' requires a narrowing conversion
c:\users\phenix\desktop\gk\colors.h(455): warning C4305: 'initializing': truncation from 'double' to 'const GLfloat'
c:\users\phenix\desktop\gk\colors.h(469): warning C4838: conversion from 'double' to 'const GLfloat' requires a narrowing conversion
c:\users\phenix\desktop\gk\colors.h(469): warning C4305: 'initializing': truncation from 'double' to 'const GLfloat'
c:\users\phenix\desktop\gk\colors.h(476): warning C4838: conversion from 'double' to 'const GLfloat' requires a narrowing conversion
c:\users\phenix\desktop\gk\colors.h(476): warning C4305: 'initializing': truncation from 'double' to 'const GLfloat'
c:\users\phenix\desktop\gk\colors.h(490): warning C4838: conversion from 'double' to 'const GLfloat' requires a narrowing conversion
c:\users\phenix\desktop\gk\colors.h(490): warning C4305: 'initializing': truncation from 'double' to 'const GLfloat'
c:\users\phenix\desktop\gk\colors.h(495): warning C4838: conversion from 'double' to 'const GLfloat' requires a narrowing conversion
c:\users\phenix\desktop\gk\colors.h(495): warning C4305: 'initializing': truncation from 'double' to 'const GLfloat'
c:\users\phenix\desktop\gk\colors.h(500): warning C4838: conversion from 'double' to 'const GLfloat' requires a narrowing conversion
c:\users\phenix\desktop\gk\colors.h(500): warning C4305: 'initializing': truncation from 'double' to 'const GLfloat'
c:\users\phenix\desktop\gk\colors.h(505): warning C4838: conversion from 'double' to 'const GLfloat' requires a narrowing conversion
c:\users\phenix\desktop\gk\colors.h(505): warning C4305: 'initializing': truncation from 'double' to 'const GLfloat'
c:\users\phenix\desktop\gk\colors.h(510): warning C4838: conversion from 'double' to 'const GLfloat' requires a narrowing conversion
c:\users\phenix\desktop\gk\colors.h(510): warning C4305: 'initializing': truncation from 'double' to 'const GLfloat'
c:\users\phenix\desktop\gk\colors.h(515): warning C4838: conversion from 'double' to 'const GLfloat' requires a narrowing conversion
c:\users\phenix\desktop\gk\colors.h(515): warning C4305: 'initializing': truncation from 'double' to 'const GLfloat'
c:\users\phenix\desktop\gk\colors.h(520): warning C4838: conversion from 'double' to 'const GLfloat' requires a narrowing conversion
c:\users\phenix\desktop\gk\colors.h(520): warning C4305: 'initializing': truncation from 'double' to 'const GLfloat'
c:\users\phenix\desktop\gk\colors.h(525): warning C4838: conversion from 'double' to 'const GLfloat' requires a narrowing conversion
c:\users\phenix\desktop\gk\colors.h(525): warning C4305: 'initializing': truncation from 'double' to 'const GLfloat'
c:\users\phenix\desktop\gk\colors.h(530): warning C4838: conversion from 'double' to 'const GLfloat' requires a narrowing conversion
c:\users\phenix\desktop\gk\colors.h(530): warning C4305: 'initializing': truncation from 'double' to 'const GLfloat'
c:\users\phenix\desktop\gk\colors.h(535): warning C4838: conversion from 'double' to 'const GLfloat' requires a narrowing conversion
c:\users\phenix\desktop\gk\colors.h(535): warning C4305: 'initializing': truncation from 'double' to 'const GLfloat'
c:\users\phenix\desktop\gk\colors.h(540): warning C4838: conversion from 'double' to 'const GLfloat' requires a narrowing conversion
c:\users\phenix\desktop\gk\colors.h(540): warning C4305: 'initializing': truncation from 'double' to 'const GLfloat'
c:\users\phenix\desktop\gk\colors.h(545): warning C4838: conversion from 'double' to 'const GLfloat' requires a narrowing conversion
c:\users\phenix\desktop\gk\colors.h(545): warning C4305: 'initializing': truncation from 'double' to 'const GLfloat'
c:\users\phenix\desktop\gk\colors.h(550): warning C4838: conversion from 'double' to 'const GLfloat' requires a narrowing conversion
c:\users\phenix\desktop\gk\colors.h(550): warning C4305: 'initializing': truncation from 'double' to 'const GLfloat'
c:\users\phenix\desktop\gk\colors.h(555): warning C4838: conversion from 'double' to 'const GLfloat' requires a narrowing conversion
c:\users\phenix\desktop\gk\colors.h(555): warning C4305: 'initializing': truncation from 'double' to 'const GLfloat'
c:\users\phenix\desktop\gk\colors.h(560): warning C4838: conversion from 'double' to 'const GLfloat' requires a narrowing conversion
c:\users\phenix\desktop\gk\colors.h(560): warning C4305: 'initializing': truncation from 'double' to 'const GLfloat'
c:\users\phenix\desktop\gk\colors.h(567): warning C4838: conversion from 'double' to 'const GLfloat' requires a narrowing conversion
c:\users\phenix\desktop\gk\colors.h(567): warning C4305: 'initializing': truncation from 'double' to 'const GLfloat'
c:\users\phenix\desktop\gk\colors.h(572): warning C4838: conversion from 'double' to 'const GLfloat' requires a narrowing conversion
c:\users\phenix\desktop\gk\colors.h(572): warning C4305: 'initializing': truncation from 'double' to 'const GLfloat'
c:\users\phenix\desktop\gk\colors.h(579): warning C4838: conversion from 'double' to 'const GLfloat' requires a narrowing conversion
c:\users\phenix\desktop\gk\colors.h(579): warning C4305: 'initializing': truncation from 'double' to 'const GLfloat'
c:\users\phenix\desktop\gk\colors.h(587): warning C4838: conversion from 'double' to 'const GLfloat' requires a narrowing conversion
c:\users\phenix\desktop\gk\colors.h(587): warning C4305: 'initializing': truncation from 'double' to 'const GLfloat'
c:\users\phenix\desktop\gk\colors.h(594): warning C4838: conversion from 'double' to 'const GLfloat' requires a narrowing conversion
c:\users\phenix\desktop\gk\colors.h(594): warning C4305: 'initializing': truncation from 'double' to 'const GLfloat'
c:\users\phenix\desktop\gk\colors.h(601): warning C4838: conversion from 'double' to 'const GLfloat' requires a narrowing conversion
c:\users\phenix\desktop\gk\colors.h(601): warning C4305: 'initializing': truncation from 'double' to 'const GLfloat'
c:\users\phenix\desktop\gk\colors.h(606): warning C4838: conversion from 'double' to 'const GLfloat' requires a narrowing conversion
c:\users\phenix\desktop\gk\colors.h(606): warning C4305: 'initializing': truncation from 'double' to 'const GLfloat'
c:\users\phenix\desktop\gk\colors.h(611): warning C4838: conversion from 'double' to 'const GLfloat' requires a narrowing conversion
c:\users\phenix\desktop\gk\colors.h(611): warning C4305: 'initializing': truncation from 'double' to 'const GLfloat'
c:\users\phenix\desktop\gk\colors.h(618): warning C4838: conversion from 'double' to 'const GLfloat' requires a narrowing conversion
c:\users\phenix\desktop\gk\colors.h(618): warning C4305: 'initializing': truncation from 'double' to 'const GLfloat'
c:\users\phenix\desktop\gk\colors.h(625): warning C4838: conversion from 'double' to 'const GLfloat' requires a narrowing conversion
c:\users\phenix\desktop\gk\colors.h(625): warning C4305: 'initializing': truncation from 'double' to 'const GLfloat'
c:\users\phenix\desktop\gk\colors.h(630): warning C4838: conversion from 'double' to 'const GLfloat' requires a narrowing conversion
c:\users\phenix\desktop\gk\colors.h(630): warning C4305: 'initializing': truncation from 'double' to 'const GLfloat'
c:\users\phenix\desktop\gk\colors.h(635): warning C4838: conversion from 'double' to 'const GLfloat' requires a narrowing conversion
c:\users\phenix\desktop\gk\colors.h(635): warning C4305: 'initializing': truncation from 'double' to 'const GLfloat'
c:\users\phenix\desktop\gk\colors.h(640): warning C4838: conversion from 'double' to 'const GLfloat' requires a narrowing conversion
c:\users\phenix\desktop\gk\colors.h(640): warning C4305: 'initializing': truncation from 'double' to 'const GLfloat'
c:\users\phenix\desktop\gk\colors.h(645): warning C4838: conversion from 'double' to 'const GLfloat' requires a narrowing conversion
c:\users\phenix\desktop\gk\colors.h(645): warning C4305: 'initializing': truncation from 'double' to 'const GLfloat'
c:\users\phenix\desktop\gk\colors.h(652): warning C4838: conversion from 'double' to 'const GLfloat' requires a narrowing conversion
c:\users\phenix\desktop\gk\colors.h(652): warning C4305: 'initializing': truncation from 'double' to 'const GLfloat'
c:\users\phenix\desktop\gk\colors.h(659): warning C4838: conversion from 'double' to 'const GLfloat' requires a narrowing conversion
c:\users\phenix\desktop\gk\colors.h(659): warning C4305: 'initializing': truncation from 'double' to 'const GLfloat'
c:\users\phenix\desktop\gk\colors.h(664): warning C4838: conversion from 'double' to 'const GLfloat' requires a narrowing conversion
c:\users\phenix\desktop\gk\colors.h(664): warning C4305: 'initializing': truncation from 'double' to 'const GLfloat'
c:\users\phenix\desktop\gk\colors.h(671): warning C4838: conversion from 'double' to 'const GLfloat' requires a narrowing conversion
c:\users\phenix\desktop\gk\colors.h(671): warning C4305: 'initializing': truncation from 'double' to 'const GLfloat'
c:\users\phenix\desktop\gk\colors.h(683): warning C4838: conversion from 'double' to 'const GLfloat' requires a narrowing conversion
c:\users\phenix\desktop\gk\colors.h(683): warning C4305: 'initializing': truncation from 'double' to 'const GLfloat'
c:\users\phenix\desktop\gk\colors.h(688): warning C4838: conversion from 'double' to 'const GLfloat' requires a narrowing conversion
c:\users\phenix\desktop\gk\colors.h(688): warning C4305: 'initializing': truncation from 'double' to 'const GLfloat'
c:\users\phenix\desktop\gk\colors.h(695): warning C4838: conversion from 'double' to 'const GLfloat' requires a narrowing conversion
c:\users\phenix\desktop\gk\colors.h(695): warning C4305: 'initializing': truncation from 'double' to 'const GLfloat'
c:\users\phenix\desktop\gk\colors.h(702): warning C4838: conversion from 'double' to 'const GLfloat' requires a narrowing conversion
c:\users\phenix\desktop\gk\colors.h(702): warning C4305: 'initializing': truncation from 'double' to 'const GLfloat'
c:\users\phenix\desktop\gk\colors.h(707): warning C4838: conversion from 'double' to 'const GLfloat' requires a narrowing conversion
c:\users\phenix\desktop\gk\colors.h(707): warning C4305: 'initializing': truncation from 'double' to 'const GLfloat'
c:\users\phenix\desktop\gk\colors.h(712): warning C4838: conversion from 'double' to 'const GLfloat' requires a narrowing conversion
c:\users\phenix\desktop\gk\colors.h(712): warning C4305: 'initializing': truncation from 'double' to 'const GLfloat'
c:\users\phenix\desktop\gk\colors.h(717): warning C4838: conversion from 'double' to 'const GLfloat' requires a narrowing conversion
c:\users\phenix\desktop\gk\colors.h(717): warning C4305: 'initializing': truncation from 'double' to 'const GLfloat'
c:\users\phenix\desktop\gk\colors.h(724): warning C4838: conversion from 'double' to 'const GLfloat' requires a narrowing conversion
c:\users\phenix\desktop\gk\colors.h(724): warning C4305: 'initializing': truncation from 'double' to 'const GLfloat'
c:\users\phenix\desktop\gk\colors.h(731): warning C4838: conversion from 'double' to 'const GLfloat' requires a narrowing conversion
c:\users\phenix\desktop\gk\colors.h(731): warning C4305: 'initializing': truncation from 'double' to 'const GLfloat'
c:\users\phenix\desktop\gk\colors.h(738): warning C4838: conversion from 'double' to 'const GLfloat' requires a narrowing conversion
c:\users\phenix\desktop\gk\colors.h(738): warning C4305: 'initializing': truncation from 'double' to 'const GLfloat'
c:\users\phenix\desktop\gk\colors.h(745): warning C4838: conversion from 'double' to 'const GLfloat' requires a narrowing conversion
c:\users\phenix\desktop\gk\colors.h(745): warning C4305: 'initializing': truncation from 'double' to 'const GLfloat'
c:\users\phenix\desktop\gk\colors.h(752): warning C4838: conversion from 'double' to 'const GLfloat' requires a narrowing conversion
c:\users\phenix\desktop\gk\colors.h(752): warning C4305: 'initializing': truncation from 'double' to 'const GLfloat'
c:\users\phenix\desktop\gk\colors.h(759): warning C4838: conversion from 'double' to 'const GLfloat' requires a narrowing conversion
c:\users\phenix\desktop\gk\colors.h(759): warning C4305: 'initializing': truncation from 'double' to 'const GLfloat'
c:\users\phenix\desktop\gk\colors.h(766): warning C4838: conversion from 'double' to 'const GLfloat' requires a narrowing conversion
c:\users\phenix\desktop\gk\colors.h(766): warning C4305: 'initializing': truncation from 'double' to 'const GLfloat'
c:\users\phenix\desktop\gk\colors.h(773): warning C4838: conversion from 'double' to 'const GLfloat' requires a narrowing conversion
c:\users\phenix\desktop\gk\colors.h(773): warning C4305: 'initializing': truncation from 'double' to 'const GLfloat'
c:\users\phenix\desktop\gk\colors.h(780): warning C4838: conversion from 'double' to 'const GLfloat' requires a narrowing conversion
c:\users\phenix\desktop\gk\colors.h(780): warning C4305: 'initializing': truncation from 'double' to 'const GLfloat'
c:\users\phenix\desktop\gk\colors.h(787): warning C4838: conversion from 'double' to 'const GLfloat' requires a narrowing conversion
c:\users\phenix\desktop\gk\colors.h(787): warning C4305: 'initializing': truncation from 'double' to 'const GLfloat'
c:\users\phenix\desktop\gk\colors.h(794): warning C4838: conversion from 'double' to 'const GLfloat' requires a narrowing conversion
c:\users\phenix\desktop\gk\colors.h(794): warning C4305: 'initializing': truncation from 'double' to 'const GLfloat'
c:\users\phenix\desktop\gk\colors.h(801): warning C4838: conversion from 'double' to 'const GLfloat' requires a narrowing conversion
c:\users\phenix\desktop\gk\colors.h(801): warning C4305: 'initializing': truncation from 'double' to 'const GLfloat'
c:\users\phenix\desktop\gk\colors.h(815): warning C4838: conversion from 'double' to 'const GLfloat' requires a narrowing conversion
c:\users\phenix\desktop\gk\colors.h(815): warning C4305: 'initializing': truncation from 'double' to 'const GLfloat'
c:\users\phenix\desktop\gk\colors.h(822): warning C4838: conversion from 'double' to 'const GLfloat' requires a narrowing conversion
c:\users\phenix\desktop\gk\colors.h(822): warning C4305: 'initializing': truncation from 'double' to 'const GLfloat'
c:\users\phenix\desktop\gk\colors.h(827): warning C4838: conversion from 'double' to 'const GLfloat' requires a narrowing conversion
c:\users\phenix\desktop\gk\colors.h(827): warning C4305: 'initializing': truncation from 'double' to 'const GLfloat'
c:\users\phenix\desktop\gk\colors.h(839): warning C4838: conversion from 'double' to 'const GLfloat' requires a narrowing conversion
c:\users\phenix\desktop\gk\colors.h(839): warning C4305: 'initializing': truncation from 'double' to 'const GLfloat'
c:\users\phenix\desktop\gk\colors.h(853): warning C4838: conversion from 'double' to 'const GLfloat' requires a narrowing conversion
c:\users\phenix\desktop\gk\colors.h(853): warning C4305: 'initializing': truncation from 'double' to 'const GLfloat'
c:\users\phenix\desktop\gk\gk_04a\gk_04a\gk_04a.cpp(508): warning C4566: character represented by universal-character-name '\u0142' cannot be represented in the current code page (1252)
c:\users\phenix\desktop\gk\gk_04a\gk_04a\gk_04a.cpp(508): warning C4566: character represented by universal-character-name '\u0119' cannot be represented in the current code page (1252)
c:\users\phenix\desktop\gk\gk_04a\gk_04a\gk_04a.cpp(584): warning C4566: character represented by universal-character-name '\u0142' cannot be represented in the current code page (1252)
c:\users\phenix\desktop\gk\gk_04a\gk_04a\gk_04a.cpp(600): warning C4566: character represented by universal-character-name '\u015B' cannot be represented in the current code page (1252)
GK_04a.obj : error LNK2019: unresolved external symbol "unsigned char __cdecl load_targa(char const *,int &,int &,unsigned int &,unsigned int &,void * &)" (?load_targa@@YAEPBDAAH1AAI2AAPAX@Z) referenced in function "void __cdecl GenerateTextures(void)" (?GenerateTextures@@YAXXZ)
C:\Users\Phenix\Desktop\GK\GK_04a\Debug\GK_04a.exe : fatal error LNK1120: 1 unresolved externals
